{"/Users/douglasmelere/Documents/Programming/pagluz-backend-new/src/app.controller.ts": {"path":"/Users/douglasmelere/Documents/Programming/pagluz-backend-new/src/app.controller.ts","statementMap":{"0":{"start":{"line":1,"column":0},"end":{"line":1,"column":49}},"1":{"start":{"line":2,"column":0},"end":{"line":2,"column":43}},"2":{"start":{"line":5,"column":7},"end":{"line":12,"column":null}},"3":{"start":{"line":6,"column":31},"end":{"line":6,"column":43}},"4":{"start":{"line":10,"column":4},"end":{"line":10,"column":38}},"5":{"start":{"line":5,"column":13},"end":{"line":5,"column":26}},"6":{"start":{"line":9,"column":2},"end":{"line":11,"column":null}},"7":{"start":{"line":5,"column":13},"end":{"line":12,"column":null}}},"fnMap":{"0":{"name":"(anonymous_2)","decl":{"start":{"line":6,"column":2},"end":{"line":6,"column":31}},"loc":{"start":{"line":6,"column":53},"end":{"line":6,"column":57}}},"1":{"name":"(anonymous_3)","decl":{"start":{"line":9,"column":2},"end":{"line":9,"column":10}},"loc":{"start":{"line":9,"column":10},"end":{"line":11,"column":3}}}},"branchMap":{},"s":{"0":1,"1":1,"2":1,"3":1,"4":1,"5":1,"6":1,"7":1},"f":{"0":1,"1":1},"b":{}}
,"/Users/douglasmelere/Documents/Programming/pagluz-backend-new/src/app.module.ts": {"path":"/Users/douglasmelere/Documents/Programming/pagluz-backend-new/src/app.module.ts","statementMap":{"0":{"start":{"line":1,"column":0},"end":{"line":1,"column":40}},"1":{"start":{"line":2,"column":0},"end":{"line":2,"column":46}},"2":{"start":{"line":3,"column":0},"end":{"line":3,"column":49}},"3":{"start":{"line":4,"column":0},"end":{"line":4,"column":43}},"4":{"start":{"line":5,"column":0},"end":{"line":5,"column":59}},"5":{"start":{"line":6,"column":0},"end":{"line":6,"column":71}},"6":{"start":{"line":7,"column":0},"end":{"line":7,"column":74}},"7":{"start":{"line":8,"column":0},"end":{"line":8,"column":71}},"8":{"start":{"line":9,"column":0},"end":{"line":9,"column":89}},"9":{"start":{"line":10,"column":0},"end":{"line":10,"column":56}},"10":{"start":{"line":11,"column":0},"end":{"line":11,"column":59}},"11":{"start":{"line":12,"column":0},"end":{"line":12,"column":56}},"12":{"start":{"line":13,"column":0},"end":{"line":13,"column":63}},"13":{"start":{"line":14,"column":0},"end":{"line":14,"column":65}},"14":{"start":{"line":15,"column":0},"end":{"line":15,"column":74}},"15":{"start":{"line":38,"column":7},"end":{"line":38,"column":null}},"16":{"start":{"line":38,"column":13},"end":{"line":38,"column":22}},"17":{"start":{"line":38,"column":13},"end":{"line":38,"column":null}}},"fnMap":{},"branchMap":{},"s":{"0":0,"1":0,"2":0,"3":0,"4":0,"5":0,"6":0,"7":0,"8":0,"9":0,"10":0,"11":0,"12":0,"13":0,"14":0,"15":0,"16":0,"17":0},"f":{},"b":{}}
,"/Users/douglasmelere/Documents/Programming/pagluz-backend-new/src/app.service.ts": {"path":"/Users/douglasmelere/Documents/Programming/pagluz-backend-new/src/app.service.ts","statementMap":{"0":{"start":{"line":1,"column":0},"end":{"line":1,"column":44}},"1":{"start":{"line":4,"column":7},"end":{"line":8,"column":null}},"2":{"start":{"line":6,"column":4},"end":{"line":6,"column":26}},"3":{"start":{"line":4,"column":13},"end":{"line":4,"column":23}},"4":{"start":{"line":4,"column":13},"end":{"line":8,"column":null}}},"fnMap":{"0":{"name":"(anonymous_1)","decl":{"start":{"line":5,"column":2},"end":{"line":5,"column":10}},"loc":{"start":{"line":5,"column":10},"end":{"line":7,"column":3}}}},"branchMap":{},"s":{"0":1,"1":1,"2":1,"3":1,"4":1},"f":{"0":1},"b":{}}
,"/Users/douglasmelere/Documents/Programming/pagluz-backend-new/src/main.ts": {"path":"/Users/douglasmelere/Documents/Programming/pagluz-backend-new/src/main.ts","statementMap":{"0":{"start":{"line":1,"column":0},"end":{"line":1,"column":43}},"1":{"start":{"line":2,"column":0},"end":{"line":2,"column":48}},"2":{"start":{"line":3,"column":0},"end":{"line":3,"column":65}},"3":{"start":{"line":4,"column":0},"end":{"line":4,"column":41}},"4":{"start":{"line":7,"column":14},"end":{"line":7,"column":49}},"5":{"start":{"line":10,"column":2},"end":{"line":16,"column":4}},"6":{"start":{"line":19,"column":2},"end":{"line":23,"column":5}},"7":{"start":{"line":26,"column":17},"end":{"line":31,"column":12}},"8":{"start":{"line":32,"column":19},"end":{"line":32,"column":60}},"9":{"start":{"line":33,"column":2},"end":{"line":33,"column":44}},"10":{"start":{"line":36,"column":15},"end":{"line":36,"column":39}},"11":{"start":{"line":37,"column":2},"end":{"line":37,"column":36}},"12":{"start":{"line":38,"column":2},"end":{"line":38,"column":67}},"13":{"start":{"line":40,"column":0},"end":{"line":40,"column":12}}},"fnMap":{"0":{"name":"bootstrap","decl":{"start":{"line":6,"column":15},"end":{"line":6,"column":24}},"loc":{"start":{"line":6,"column":24},"end":{"line":39,"column":1}}}},"branchMap":{"0":{"loc":{"start":{"line":36,"column":15},"end":{"line":36,"column":39}},"type":"binary-expr","locations":[{"start":{"line":36,"column":15},"end":{"line":36,"column":31}},{"start":{"line":36,"column":35},"end":{"line":36,"column":39}}]}},"s":{"0":0,"1":0,"2":0,"3":0,"4":0,"5":0,"6":0,"7":0,"8":0,"9":0,"10":0,"11":0,"12":0,"13":0},"f":{"0":0},"b":{"0":[0,0]}}
,"/Users/douglasmelere/Documents/Programming/pagluz-backend-new/src/common/decorators/current-user.decorator.ts": {"path":"/Users/douglasmelere/Documents/Programming/pagluz-backend-new/src/common/decorators/current-user.decorator.ts","statementMap":{"0":{"start":{"line":1,"column":0},"end":{"line":1,"column":72}},"1":{"start":{"line":3,"column":13},"end":{"line":8,"column":2}},"2":{"start":{"line":5,"column":20},"end":{"line":5,"column":51}},"3":{"start":{"line":6,"column":4},"end":{"line":6,"column":24}}},"fnMap":{"0":{"name":"(anonymous_0)","decl":{"start":{"line":4,"column":2},"end":{"line":4,"column":3}},"loc":{"start":{"line":4,"column":43},"end":{"line":7,"column":3}}}},"branchMap":{},"s":{"0":0,"1":0,"2":0,"3":0},"f":{"0":0},"b":{}}
,"/Users/douglasmelere/Documents/Programming/pagluz-backend-new/src/common/guards/blacklist-auth.guard.ts": {"path":"/Users/douglasmelere/Documents/Programming/pagluz-backend-new/src/common/guards/blacklist-auth.guard.ts","statementMap":{"0":{"start":{"line":1,"column":0},"end":{"line":1,"column":98}},"1":{"start":{"line":2,"column":0},"end":{"line":2,"column":59}},"2":{"start":{"line":5,"column":7},"end":{"line":24,"column":null}},"3":{"start":{"line":6,"column":22},"end":{"line":6,"column":37}},"4":{"start":{"line":9,"column":20},"end":{"line":9,"column":55}},"5":{"start":{"line":10,"column":18},"end":{"line":10,"column":31}},"6":{"start":{"line":12,"column":4},"end":{"line":14,"column":5}},"7":{"start":{"line":13,"column":6},"end":{"line":13,"column":18}},"8":{"start":{"line":17,"column":26},"end":{"line":17,"column":76}},"9":{"start":{"line":18,"column":4},"end":{"line":20,"column":5}},"10":{"start":{"line":19,"column":6},"end":{"line":19,"column":75}},"11":{"start":{"line":22,"column":4},"end":{"line":22,"column":16}},"12":{"start":{"line":5,"column":13},"end":{"line":5,"column":31}},"13":{"start":{"line":5,"column":13},"end":{"line":24,"column":null}}},"fnMap":{"0":{"name":"(anonymous_2)","decl":{"start":{"line":6,"column":2},"end":{"line":6,"column":22}},"loc":{"start":{"line":6,"column":50},"end":{"line":6,"column":54}}},"1":{"name":"(anonymous_3)","decl":{"start":{"line":8,"column":2},"end":{"line":8,"column":7}},"loc":{"start":{"line":8,"column":45},"end":{"line":23,"column":3}}}},"branchMap":{"0":{"loc":{"start":{"line":12,"column":4},"end":{"line":14,"column":5}},"type":"if","locations":[{"start":{"line":12,"column":4},"end":{"line":14,"column":5}}]},"1":{"loc":{"start":{"line":18,"column":4},"end":{"line":20,"column":5}},"type":"if","locations":[{"start":{"line":18,"column":4},"end":{"line":20,"column":5}}]}},"s":{"0":0,"1":0,"2":0,"3":0,"4":0,"5":0,"6":0,"7":0,"8":0,"9":0,"10":0,"11":0,"12":0,"13":0},"f":{"0":0,"1":0},"b":{"0":[0],"1":[0]}}
,"/Users/douglasmelere/Documents/Programming/pagluz-backend-new/src/common/guards/hierarchy-auth.guard.ts": {"path":"/Users/douglasmelere/Documents/Programming/pagluz-backend-new/src/common/guards/hierarchy-auth.guard.ts","statementMap":{"0":{"start":{"line":1,"column":0},"end":{"line":1,"column":108}},"1":{"start":{"line":2,"column":0},"end":{"line":2,"column":41}},"2":{"start":{"line":3,"column":0},"end":{"line":3,"column":60}},"3":{"start":{"line":5,"column":13},"end":{"line":5,"column":41}},"4":{"start":{"line":6,"column":32},"end":{"line":6,"column":88}},"5":{"start":{"line":6,"column":53},"end":{"line":6,"column":88}},"6":{"start":{"line":6,"column":13},"end":{"line":6,"column":32}},"7":{"start":{"line":9,"column":7},"end":{"line":62,"column":null}},"8":{"start":{"line":11,"column":12},"end":{"line":11,"column":23}},"9":{"start":{"line":12,"column":12},"end":{"line":12,"column":20}},"10":{"start":{"line":16,"column":25},"end":{"line":16,"column":88}},"11":{"start":{"line":18,"column":4},"end":{"line":20,"column":5}},"12":{"start":{"line":19,"column":6},"end":{"line":19,"column":18}},"13":{"start":{"line":22,"column":20},"end":{"line":22,"column":55}},"14":{"start":{"line":23,"column":17},"end":{"line":23,"column":29}},"15":{"start":{"line":25,"column":4},"end":{"line":27,"column":5}},"16":{"start":{"line":26,"column":6},"end":{"line":26,"column":62}},"17":{"start":{"line":30,"column":24},"end":{"line":33,"column":6}},"18":{"start":{"line":35,"column":4},"end":{"line":37,"column":5}},"19":{"start":{"line":36,"column":6},"end":{"line":36,"column":72}},"20":{"start":{"line":39,"column":4},"end":{"line":41,"column":5}},"21":{"start":{"line":40,"column":6},"end":{"line":40,"column":70}},"22":{"start":{"line":44,"column":4},"end":{"line":46,"column":5}},"23":{"start":{"line":45,"column":6},"end":{"line":45,"column":93}},"24":{"start":{"line":48,"column":4},"end":{"line":48,"column":16}},"25":{"start":{"line":52,"column":22},"end":{"line":58,"column":6}},"26":{"start":{"line":60,"column":4},"end":{"line":60,"column":58}},"27":{"start":{"line":9,"column":13},"end":{"line":9,"column":31}},"28":{"start":{"line":9,"column":13},"end":{"line":62,"column":null}}},"fnMap":{"0":{"name":"(anonymous_2)","decl":{"start":{"line":6,"column":32},"end":{"line":6,"column":33}},"loc":{"start":{"line":6,"column":53},"end":{"line":6,"column":88}}},"1":{"name":"(anonymous_3)","decl":{"start":{"line":10,"column":2},"end":{"line":10,"column":null}},"loc":{"start":{"line":12,"column":33},"end":{"line":13,"column":6}}},"2":{"name":"(anonymous_4)","decl":{"start":{"line":15,"column":2},"end":{"line":15,"column":7}},"loc":{"start":{"line":15,"column":45},"end":{"line":49,"column":3}}},"3":{"name":"(anonymous_5)","decl":{"start":{"line":51,"column":10},"end":{"line":51,"column":30}},"loc":{"start":{"line":51,"column":69},"end":{"line":61,"column":3}}}},"branchMap":{"0":{"loc":{"start":{"line":18,"column":4},"end":{"line":20,"column":5}},"type":"if","locations":[{"start":{"line":18,"column":4},"end":{"line":20,"column":5}}]},"1":{"loc":{"start":{"line":25,"column":4},"end":{"line":27,"column":5}},"type":"if","locations":[{"start":{"line":25,"column":4},"end":{"line":27,"column":5}}]},"2":{"loc":{"start":{"line":35,"column":4},"end":{"line":37,"column":5}},"type":"if","locations":[{"start":{"line":35,"column":4},"end":{"line":37,"column":5}}]},"3":{"loc":{"start":{"line":35,"column":8},"end":{"line":35,"column":45}},"type":"binary-expr","locations":[{"start":{"line":35,"column":8},"end":{"line":35,"column":20}},{"start":{"line":35,"column":24},"end":{"line":35,"column":45}}]},"4":{"loc":{"start":{"line":39,"column":4},"end":{"line":41,"column":5}},"type":"if","locations":[{"start":{"line":39,"column":4},"end":{"line":41,"column":5}}]},"5":{"loc":{"start":{"line":39,"column":8},"end":{"line":39,"column":71}},"type":"binary-expr","locations":[{"start":{"line":39,"column":8},"end":{"line":39,"column":31}},{"start":{"line":39,"column":35},"end":{"line":39,"column":71}}]},"6":{"loc":{"start":{"line":44,"column":4},"end":{"line":46,"column":5}},"type":"if","locations":[{"start":{"line":44,"column":4},"end":{"line":46,"column":5}}]}},"s":{"0":0,"1":0,"2":0,"3":0,"4":0,"5":0,"6":0,"7":0,"8":0,"9":0,"10":0,"11":0,"12":0,"13":0,"14":0,"15":0,"16":0,"17":0,"18":0,"19":0,"20":0,"21":0,"22":0,"23":0,"24":0,"25":0,"26":0,"27":0,"28":0},"f":{"0":0,"1":0,"2":0,"3":0},"b":{"0":[0],"1":[0],"2":[0],"3":[0,0],"4":[0],"5":[0,0],"6":[0]}}
,"/Users/douglasmelere/Documents/Programming/pagluz-backend-new/src/common/guards/jwt-auth.guard.ts": {"path":"/Users/douglasmelere/Documents/Programming/pagluz-backend-new/src/common/guards/jwt-auth.guard.ts","statementMap":{"0":{"start":{"line":1,"column":0},"end":{"line":1,"column":85}},"1":{"start":{"line":2,"column":0},"end":{"line":2,"column":45}},"2":{"start":{"line":3,"column":0},"end":{"line":3,"column":41}},"3":{"start":{"line":6,"column":7},"end":{"line":51,"column":null}},"4":{"start":{"line":8,"column":4},"end":{"line":8,"column":12}},"5":{"start":{"line":7,"column":22},"end":{"line":7,"column":34}},"6":{"start":{"line":12,"column":20},"end":{"line":12,"column":55}},"7":{"start":{"line":13,"column":18},"end":{"line":13,"column":54}},"8":{"start":{"line":15,"column":4},"end":{"line":17,"column":5}},"9":{"start":{"line":16,"column":6},"end":{"line":16,"column":61}},"10":{"start":{"line":19,"column":4},"end":{"line":32,"column":5}},"11":{"start":{"line":21,"column":22},"end":{"line":21,"column":62}},"12":{"start":{"line":24,"column":6},"end":{"line":24,"column":29}},"13":{"start":{"line":25,"column":6},"end":{"line":25,"column":28}},"14":{"start":{"line":26,"column":6},"end":{"line":26,"column":57}},"15":{"start":{"line":27,"column":6},"end":{"line":27,"column":57}},"16":{"start":{"line":29,"column":6},"end":{"line":29,"column":18}},"17":{"start":{"line":31,"column":6},"end":{"line":31,"column":56}},"18":{"start":{"line":36,"column":26},"end":{"line":36,"column":73}},"19":{"start":{"line":37,"column":4},"end":{"line":37,"column":49}},"20":{"start":{"line":41,"column":4},"end":{"line":45,"column":21}},"21":{"start":{"line":49,"column":4},"end":{"line":49,"column":54}},"22":{"start":{"line":6,"column":13},"end":{"line":6,"column":25}},"23":{"start":{"line":6,"column":13},"end":{"line":51,"column":null}}},"fnMap":{"0":{"name":"(anonymous_2)","decl":{"start":{"line":7,"column":2},"end":{"line":7,"column":22}},"loc":{"start":{"line":7,"column":44},"end":{"line":9,"column":3}}},"1":{"name":"(anonymous_3)","decl":{"start":{"line":11,"column":2},"end":{"line":11,"column":7}},"loc":{"start":{"line":11,"column":45},"end":{"line":33,"column":3}}},"2":{"name":"(anonymous_4)","decl":{"start":{"line":35,"column":10},"end":{"line":35,"column":32}},"loc":{"start":{"line":35,"column":45},"end":{"line":38,"column":3}}},"3":{"name":"(anonymous_5)","decl":{"start":{"line":40,"column":10},"end":{"line":40,"column":26}},"loc":{"start":{"line":40,"column":39},"end":{"line":46,"column":3}}},"4":{"name":"(anonymous_6)","decl":{"start":{"line":48,"column":10},"end":{"line":48,"column":26}},"loc":{"start":{"line":48,"column":39},"end":{"line":50,"column":3}}}},"branchMap":{"0":{"loc":{"start":{"line":15,"column":4},"end":{"line":17,"column":5}},"type":"if","locations":[{"start":{"line":15,"column":4},"end":{"line":17,"column":5}}]},"1":{"loc":{"start":{"line":36,"column":26},"end":{"line":36,"column":73}},"type":"binary-expr","locations":[{"start":{"line":36,"column":26},"end":{"line":36,"column":67}},{"start":{"line":36,"column":71},"end":{"line":36,"column":73}}]},"2":{"loc":{"start":{"line":37,"column":11},"end":{"line":37,"column":48}},"type":"cond-expr","locations":[{"start":{"line":37,"column":31},"end":{"line":37,"column":36}},{"start":{"line":37,"column":39},"end":{"line":37,"column":48}}]},"3":{"loc":{"start":{"line":41,"column":11},"end":{"line":45,"column":20}},"type":"binary-expr","locations":[{"start":{"line":41,"column":11},"end":{"line":41,"column":21}},{"start":{"line":42,"column":11},"end":{"line":42,"column":44}},{"start":{"line":43,"column":11},"end":{"line":43,"column":40}},{"start":{"line":44,"column":11},"end":{"line":44,"column":52}},{"start":{"line":45,"column":11},"end":{"line":45,"column":20}}]},"4":{"loc":{"start":{"line":49,"column":11},"end":{"line":49,"column":53}},"type":"binary-expr","locations":[{"start":{"line":49,"column":11},"end":{"line":49,"column":40}},{"start":{"line":49,"column":44},"end":{"line":49,"column":53}}]}},"s":{"0":0,"1":0,"2":0,"3":0,"4":0,"5":0,"6":0,"7":0,"8":0,"9":0,"10":0,"11":0,"12":0,"13":0,"14":0,"15":0,"16":0,"17":0,"18":0,"19":0,"20":0,"21":0,"22":0,"23":0},"f":{"0":0,"1":0,"2":0,"3":0,"4":0},"b":{"0":[0],"1":[0,0],"2":[0,0],"3":[0,0,0,0,0],"4":[0,0]}}
,"/Users/douglasmelere/Documents/Programming/pagluz-backend-new/src/common/guards/local-auth.guard.ts": {"path":"/Users/douglasmelere/Documents/Programming/pagluz-backend-new/src/common/guards/local-auth.guard.ts","statementMap":{"0":{"start":{"line":1,"column":0},"end":{"line":1,"column":44}},"1":{"start":{"line":2,"column":0},"end":{"line":2,"column":45}},"2":{"start":{"line":5,"column":7},"end":{"line":5,"column":null}},"3":{"start":{"line":5,"column":13},"end":{"line":5,"column":27}},"4":{"start":{"line":5,"column":13},"end":{"line":5,"column":null}}},"fnMap":{},"branchMap":{},"s":{"0":0,"1":0,"2":0,"3":0,"4":0},"f":{},"b":{}}
,"/Users/douglasmelere/Documents/Programming/pagluz-backend-new/src/common/guards/representative-auth.guard.ts": {"path":"/Users/douglasmelere/Documents/Programming/pagluz-backend-new/src/common/guards/representative-auth.guard.ts","statementMap":{"0":{"start":{"line":1,"column":0},"end":{"line":1,"column":98}},"1":{"start":{"line":3,"column":0},"end":{"line":3,"column":60}},"2":{"start":{"line":6,"column":7},"end":{"line":36,"column":null}},"3":{"start":{"line":7,"column":22},"end":{"line":7,"column":30}},"4":{"start":{"line":10,"column":20},"end":{"line":10,"column":55}},"5":{"start":{"line":14,"column":4},"end":{"line":34,"column":5}},"6":{"start":{"line":15,"column":29},"end":{"line":18,"column":8}},"7":{"start":{"line":20,"column":6},"end":{"line":22,"column":7}},"8":{"start":{"line":21,"column":8},"end":{"line":21,"column":81}},"9":{"start":{"line":24,"column":6},"end":{"line":29,"column":8}},"10":{"start":{"line":31,"column":6},"end":{"line":31,"column":18}},"11":{"start":{"line":33,"column":6},"end":{"line":33,"column":74}},"12":{"start":{"line":6,"column":13},"end":{"line":6,"column":36}},"13":{"start":{"line":6,"column":13},"end":{"line":36,"column":null}}},"fnMap":{"0":{"name":"(anonymous_2)","decl":{"start":{"line":7,"column":2},"end":{"line":7,"column":22}},"loc":{"start":{"line":7,"column":43},"end":{"line":7,"column":47}}},"1":{"name":"(anonymous_3)","decl":{"start":{"line":9,"column":2},"end":{"line":9,"column":7}},"loc":{"start":{"line":9,"column":45},"end":{"line":35,"column":3}}}},"branchMap":{"0":{"loc":{"start":{"line":20,"column":6},"end":{"line":22,"column":7}},"type":"if","locations":[{"start":{"line":20,"column":6},"end":{"line":22,"column":7}}]}},"s":{"0":0,"1":0,"2":0,"3":0,"4":0,"5":0,"6":0,"7":0,"8":0,"9":0,"10":0,"11":0,"12":0,"13":0},"f":{"0":0,"1":0},"b":{"0":[0]}}
,"/Users/douglasmelere/Documents/Programming/pagluz-backend-new/src/common/services/audit.service.ts": {"path":"/Users/douglasmelere/Documents/Programming/pagluz-backend-new/src/common/services/audit.service.ts","statementMap":{"0":{"start":{"line":1,"column":0},"end":{"line":1,"column":44}},"1":{"start":{"line":2,"column":0},"end":{"line":2,"column":60}},"2":{"start":{"line":17,"column":7},"end":{"line":112,"column":null}},"3":{"start":{"line":18,"column":22},"end":{"line":18,"column":30}},"4":{"start":{"line":21,"column":4},"end":{"line":38,"column":5}},"5":{"start":{"line":22,"column":6},"end":{"line":34,"column":9}},"6":{"start":{"line":37,"column":6},"end":{"line":37,"column":66}},"7":{"start":{"line":42,"column":4},"end":{"line":50,"column":7}},"8":{"start":{"line":54,"column":4},"end":{"line":62,"column":7}},"9":{"start":{"line":66,"column":4},"end":{"line":74,"column":7}},"10":{"start":{"line":78,"column":4},"end":{"line":87,"column":7}},"11":{"start":{"line":91,"column":4},"end":{"line":99,"column":7}},"12":{"start":{"line":103,"column":4},"end":{"line":110,"column":7}},"13":{"start":{"line":17,"column":13},"end":{"line":17,"column":25}},"14":{"start":{"line":17,"column":13},"end":{"line":112,"column":null}}},"fnMap":{"0":{"name":"(anonymous_2)","decl":{"start":{"line":18,"column":2},"end":{"line":18,"column":22}},"loc":{"start":{"line":18,"column":43},"end":{"line":18,"column":47}}},"1":{"name":"(anonymous_3)","decl":{"start":{"line":20,"column":2},"end":{"line":20,"column":7}},"loc":{"start":{"line":20,"column":30},"end":{"line":39,"column":3}}},"2":{"name":"(anonymous_4)","decl":{"start":{"line":41,"column":2},"end":{"line":41,"column":7}},"loc":{"start":{"line":41,"column":71},"end":{"line":51,"column":3}}},"3":{"name":"(anonymous_5)","decl":{"start":{"line":53,"column":2},"end":{"line":53,"column":7}},"loc":{"start":{"line":53,"column":72},"end":{"line":63,"column":3}}},"4":{"name":"(anonymous_6)","decl":{"start":{"line":65,"column":2},"end":{"line":65,"column":7}},"loc":{"start":{"line":65,"column":126},"end":{"line":75,"column":3}}},"5":{"name":"(anonymous_7)","decl":{"start":{"line":77,"column":2},"end":{"line":77,"column":7}},"loc":{"start":{"line":77,"column":142},"end":{"line":88,"column":3}}},"6":{"name":"(anonymous_8)","decl":{"start":{"line":90,"column":2},"end":{"line":90,"column":7}},"loc":{"start":{"line":90,"column":126},"end":{"line":100,"column":3}}},"7":{"name":"(anonymous_9)","decl":{"start":{"line":102,"column":2},"end":{"line":102,"column":7}},"loc":{"start":{"line":102,"column":109},"end":{"line":111,"column":3}}}},"branchMap":{"0":{"loc":{"start":{"line":28,"column":21},"end":{"line":28,"column":43}},"type":"binary-expr","locations":[{"start":{"line":28,"column":21},"end":{"line":28,"column":35}},{"start":{"line":28,"column":39},"end":{"line":28,"column":43}}]},"1":{"loc":{"start":{"line":29,"column":21},"end":{"line":29,"column":43}},"type":"binary-expr","locations":[{"start":{"line":29,"column":21},"end":{"line":29,"column":35}},{"start":{"line":29,"column":39},"end":{"line":29,"column":43}}]},"2":{"loc":{"start":{"line":32,"column":20},"end":{"line":32,"column":41}},"type":"binary-expr","locations":[{"start":{"line":32,"column":20},"end":{"line":32,"column":33}},{"start":{"line":32,"column":37},"end":{"line":32,"column":41}}]}},"s":{"0":0,"1":0,"2":0,"3":0,"4":0,"5":0,"6":0,"7":0,"8":0,"9":0,"10":0,"11":0,"12":0,"13":0,"14":0},"f":{"0":0,"1":0,"2":0,"3":0,"4":0,"5":0,"6":0,"7":0},"b":{"0":[0,0],"1":[0,0],"2":[0,0]}}
,"/Users/douglasmelere/Documents/Programming/pagluz-backend-new/src/common/services/logout.service.ts": {"path":"/Users/douglasmelere/Documents/Programming/pagluz-backend-new/src/common/services/logout.service.ts","statementMap":{"0":{"start":{"line":1,"column":0},"end":{"line":1,"column":67}},"1":{"start":{"line":2,"column":0},"end":{"line":2,"column":60}},"2":{"start":{"line":3,"column":0},"end":{"line":3,"column":47}},"3":{"start":{"line":4,"column":0},"end":{"line":4,"column":33}},"4":{"start":{"line":7,"column":7},"end":{"line":154,"column":null}},"5":{"start":{"line":9,"column":12},"end":{"line":9,"column":20}},"6":{"start":{"line":10,"column":12},"end":{"line":10,"column":26}},"7":{"start":{"line":14,"column":4},"end":{"line":47,"column":5}},"8":{"start":{"line":16,"column":24},"end":{"line":16,"column":79}},"9":{"start":{"line":19,"column":22},"end":{"line":19,"column":57}},"10":{"start":{"line":20,"column":24},"end":{"line":20,"column":107}},"11":{"start":{"line":23,"column":6},"end":{"line":30,"column":9}},"12":{"start":{"line":33,"column":6},"end":{"line":33,"column":70}},"13":{"start":{"line":36,"column":6},"end":{"line":41,"column":9}},"14":{"start":{"line":43,"column":6},"end":{"line":43,"column":57}},"15":{"start":{"line":45,"column":6},"end":{"line":45,"column":51}},"16":{"start":{"line":46,"column":6},"end":{"line":46,"column":61}},"17":{"start":{"line":51,"column":4},"end":{"line":72,"column":5}},"18":{"start":{"line":52,"column":24},"end":{"line":52,"column":79}},"19":{"start":{"line":53,"column":22},"end":{"line":53,"column":57}},"20":{"start":{"line":54,"column":24},"end":{"line":54,"column":107}},"21":{"start":{"line":56,"column":6},"end":{"line":63,"column":9}},"22":{"start":{"line":66,"column":6},"end":{"line":66,"column":121}},"23":{"start":{"line":68,"column":6},"end":{"line":68,"column":57}},"24":{"start":{"line":70,"column":6},"end":{"line":70,"column":55}},"25":{"start":{"line":71,"column":6},"end":{"line":71,"column":65}},"26":{"start":{"line":76,"column":4},"end":{"line":99,"column":5}},"27":{"start":{"line":77,"column":24},"end":{"line":77,"column":79}},"28":{"start":{"line":79,"column":31},"end":{"line":81,"column":8}},"29":{"start":{"line":83,"column":6},"end":{"line":85,"column":7}},"30":{"start":{"line":84,"column":8},"end":{"line":84,"column":21}},"31":{"start":{"line":88,"column":6},"end":{"line":93,"column":7}},"32":{"start":{"line":89,"column":8},"end":{"line":91,"column":11}},"33":{"start":{"line":92,"column":8},"end":{"line":92,"column":21}},"34":{"start":{"line":95,"column":6},"end":{"line":95,"column":18}},"35":{"start":{"line":97,"column":6},"end":{"line":97,"column":59}},"36":{"start":{"line":98,"column":6},"end":{"line":98,"column":19}},"37":{"start":{"line":103,"column":4},"end":{"line":117,"column":5}},"38":{"start":{"line":104,"column":21},"end":{"line":110,"column":8}},"39":{"start":{"line":112,"column":6},"end":{"line":112,"column":83}},"40":{"start":{"line":113,"column":6},"end":{"line":113,"column":26}},"41":{"start":{"line":115,"column":6},"end":{"line":115,"column":57}},"42":{"start":{"line":116,"column":6},"end":{"line":116,"column":15}},"43":{"start":{"line":121,"column":4},"end":{"line":132,"column":5}},"44":{"start":{"line":122,"column":20},"end":{"line":122,"column":36}},"45":{"start":{"line":123,"column":6},"end":{"line":125,"column":7}},"46":{"start":{"line":124,"column":8},"end":{"line":124,"column":20}},"47":{"start":{"line":127,"column":22},"end":{"line":127,"column":30}},"48":{"start":{"line":128,"column":22},"end":{"line":128,"column":70}},"49":{"start":{"line":129,"column":6},"end":{"line":129,"column":33}},"50":{"start":{"line":131,"column":6},"end":{"line":131,"column":18}},"51":{"start":{"line":136,"column":4},"end":{"line":152,"column":5}},"52":{"start":{"line":138,"column":6},"end":{"line":138,"column":109}},"53":{"start":{"line":141,"column":6},"end":{"line":146,"column":9}},"54":{"start":{"line":148,"column":6},"end":{"line":148,"column":63}},"55":{"start":{"line":150,"column":6},"end":{"line":150,"column":73}},"56":{"start":{"line":151,"column":6},"end":{"line":151,"column":67}},"57":{"start":{"line":7,"column":13},"end":{"line":7,"column":26}},"58":{"start":{"line":7,"column":13},"end":{"line":154,"column":null}}},"fnMap":{"0":{"name":"(anonymous_2)","decl":{"start":{"line":8,"column":2},"end":{"line":8,"column":null}},"loc":{"start":{"line":10,"column":38},"end":{"line":11,"column":6}}},"1":{"name":"(anonymous_3)","decl":{"start":{"line":13,"column":2},"end":{"line":13,"column":7}},"loc":{"start":{"line":13,"column":84},"end":{"line":48,"column":3}}},"2":{"name":"(anonymous_4)","decl":{"start":{"line":50,"column":2},"end":{"line":50,"column":7}},"loc":{"start":{"line":50,"column":82},"end":{"line":73,"column":3}}},"3":{"name":"(anonymous_5)","decl":{"start":{"line":75,"column":2},"end":{"line":75,"column":7}},"loc":{"start":{"line":75,"column":40},"end":{"line":100,"column":3}}},"4":{"name":"(anonymous_6)","decl":{"start":{"line":102,"column":2},"end":{"line":102,"column":7}},"loc":{"start":{"line":102,"column":28},"end":{"line":118,"column":3}}},"5":{"name":"(anonymous_7)","decl":{"start":{"line":120,"column":10},"end":{"line":120,"column":33}},"loc":{"start":{"line":120,"column":47},"end":{"line":133,"column":3}}},"6":{"name":"(anonymous_8)","decl":{"start":{"line":135,"column":2},"end":{"line":135,"column":7}},"loc":{"start":{"line":135,"column":80},"end":{"line":153,"column":3}}}},"branchMap":{"0":{"loc":{"start":{"line":20,"column":24},"end":{"line":20,"column":107}},"type":"cond-expr","locations":[{"start":{"line":20,"column":34},"end":{"line":20,"column":62}},{"start":{"line":20,"column":65},"end":{"line":20,"column":107}}]},"1":{"loc":{"start":{"line":50,"column":55},"end":{"line":50,"column":82}},"type":"default-arg","locations":[{"start":{"line":50,"column":72},"end":{"line":50,"column":82}}]},"2":{"loc":{"start":{"line":54,"column":24},"end":{"line":54,"column":107}},"type":"cond-expr","locations":[{"start":{"line":54,"column":34},"end":{"line":54,"column":62}},{"start":{"line":54,"column":65},"end":{"line":54,"column":107}}]},"3":{"loc":{"start":{"line":83,"column":6},"end":{"line":85,"column":7}},"type":"if","locations":[{"start":{"line":83,"column":6},"end":{"line":85,"column":7}}]},"4":{"loc":{"start":{"line":88,"column":6},"end":{"line":93,"column":7}},"type":"if","locations":[{"start":{"line":88,"column":6},"end":{"line":93,"column":7}}]},"5":{"loc":{"start":{"line":123,"column":6},"end":{"line":125,"column":7}},"type":"if","locations":[{"start":{"line":123,"column":6},"end":{"line":125,"column":7}}]},"6":{"loc":{"start":{"line":135,"column":47},"end":{"line":135,"column":80}},"type":"default-arg","locations":[{"start":{"line":135,"column":64},"end":{"line":135,"column":80}}]}},"s":{"0":0,"1":0,"2":0,"3":0,"4":0,"5":0,"6":0,"7":0,"8":0,"9":0,"10":0,"11":0,"12":0,"13":0,"14":0,"15":0,"16":0,"17":0,"18":0,"19":0,"20":0,"21":0,"22":0,"23":0,"24":0,"25":0,"26":0,"27":0,"28":0,"29":0,"30":0,"31":0,"32":0,"33":0,"34":0,"35":0,"36":0,"37":0,"38":0,"39":0,"40":0,"41":0,"42":0,"43":0,"44":0,"45":0,"46":0,"47":0,"48":0,"49":0,"50":0,"51":0,"52":0,"53":0,"54":0,"55":0,"56":0,"57":0,"58":0},"f":{"0":0,"1":0,"2":0,"3":0,"4":0,"5":0,"6":0},"b":{"0":[0,0],"1":[0],"2":[0,0],"3":[0],"4":[0],"5":[0],"6":[0]}}
,"/Users/douglasmelere/Documents/Programming/pagluz-backend-new/src/config/config.module.ts": {"path":"/Users/douglasmelere/Documents/Programming/pagluz-backend-new/src/config/config.module.ts","statementMap":{"0":{"start":{"line":1,"column":0},"end":{"line":1,"column":48}},"1":{"start":{"line":2,"column":0},"end":{"line":2,"column":46}},"2":{"start":{"line":3,"column":0},"end":{"line":3,"column":49}},"3":{"start":{"line":16,"column":7},"end":{"line":16,"column":null}},"4":{"start":{"line":16,"column":13},"end":{"line":16,"column":31}},"5":{"start":{"line":16,"column":13},"end":{"line":16,"column":null}}},"fnMap":{},"branchMap":{},"s":{"0":0,"1":0,"2":0,"3":0,"4":0,"5":0},"f":{},"b":{}}
,"/Users/douglasmelere/Documents/Programming/pagluz-backend-new/src/config/prisma.service.ts": {"path":"/Users/douglasmelere/Documents/Programming/pagluz-backend-new/src/config/prisma.service.ts","statementMap":{"0":{"start":{"line":1,"column":0},"end":{"line":1,"column":58}},"1":{"start":{"line":2,"column":0},"end":{"line":2,"column":46}},"2":{"start":{"line":5,"column":7},"end":{"line":13,"column":null}},"3":{"start":{"line":7,"column":4},"end":{"line":7,"column":26}},"4":{"start":{"line":11,"column":4},"end":{"line":11,"column":29}},"5":{"start":{"line":5,"column":13},"end":{"line":5,"column":26}},"6":{"start":{"line":5,"column":13},"end":{"line":13,"column":null}}},"fnMap":{"0":{"name":"(anonymous_1)","decl":{"start":{"line":6,"column":2},"end":{"line":6,"column":7}},"loc":{"start":{"line":6,"column":20},"end":{"line":8,"column":3}}},"1":{"name":"(anonymous_2)","decl":{"start":{"line":10,"column":2},"end":{"line":10,"column":7}},"loc":{"start":{"line":10,"column":23},"end":{"line":12,"column":3}}}},"branchMap":{},"s":{"0":0,"1":0,"2":0,"3":0,"4":0,"5":0,"6":0},"f":{"0":0,"1":0},"b":{}}
,"/Users/douglasmelere/Documents/Programming/pagluz-backend-new/src/modules/audit/audit.controller.ts": {"path":"/Users/douglasmelere/Documents/Programming/pagluz-backend-new/src/modules/audit/audit.controller.ts","statementMap":{"0":{"start":{"line":1,"column":0},"end":{"line":1,"column":null}},"1":{"start":{"line":10,"column":0},"end":{"line":10,"column":94}},"2":{"start":{"line":11,"column":0},"end":{"line":11,"column":66}},"3":{"start":{"line":12,"column":0},"end":{"line":12,"column":60}},"4":{"start":{"line":18,"column":7},"end":{"line":273,"column":null}},"5":{"start":{"line":19,"column":22},"end":{"line":19,"column":30}},"6":{"start":{"line":43,"column":4},"end":{"line":45,"column":5}},"7":{"start":{"line":44,"column":6},"end":{"line":44,"column":105}},"8":{"start":{"line":47,"column":20},"end":{"line":47,"column":39}},"9":{"start":{"line":48,"column":21},"end":{"line":48,"column":42}},"10":{"start":{"line":49,"column":17},"end":{"line":49,"column":41}},"11":{"start":{"line":52,"column":23},"end":{"line":52,"column":25}},"12":{"start":{"line":54,"column":4},"end":{"line":56,"column":5}},"13":{"start":{"line":55,"column":6},"end":{"line":55,"column":28}},"14":{"start":{"line":58,"column":4},"end":{"line":60,"column":5}},"15":{"start":{"line":59,"column":6},"end":{"line":59,"column":28}},"16":{"start":{"line":62,"column":4},"end":{"line":64,"column":5}},"17":{"start":{"line":63,"column":6},"end":{"line":63,"column":36}},"18":{"start":{"line":66,"column":4},"end":{"line":74,"column":5}},"19":{"start":{"line":67,"column":6},"end":{"line":67,"column":27}},"20":{"start":{"line":68,"column":6},"end":{"line":70,"column":7}},"21":{"start":{"line":69,"column":8},"end":{"line":69,"column":50}},"22":{"start":{"line":71,"column":6},"end":{"line":73,"column":7}},"23":{"start":{"line":72,"column":8},"end":{"line":72,"column":48}},"24":{"start":{"line":77,"column":26},"end":{"line":97,"column":6}},"25":{"start":{"line":100,"column":26},"end":{"line":112,"column":7}},"26":{"start":{"line":100,"column":43},"end":{"line":112,"column":6}},"27":{"start":{"line":114,"column":4},"end":{"line":122,"column":6}},"28":{"start":{"line":131,"column":4},"end":{"line":133,"column":5}},"29":{"start":{"line":132,"column":6},"end":{"line":132,"column":113}},"30":{"start":{"line":141,"column":8},"end":{"line":178,"column":6}},"31":{"start":{"line":181,"column":21},"end":{"line":194,"column":null}},"32":{"start":{"line":183,"column":25},"end":{"line":186,"column":10}},"33":{"start":{"line":187,"column":8},"end":{"line":193,"column":10}},"34":{"start":{"line":197,"column":4},"end":{"line":207,"column":6}},"35":{"start":{"line":199,"column":48},"end":{"line":202,"column":8}},"36":{"start":{"line":220,"column":4},"end":{"line":222,"column":5}},"37":{"start":{"line":221,"column":6},"end":{"line":221,"column":105}},"38":{"start":{"line":224,"column":20},"end":{"line":224,"column":39}},"39":{"start":{"line":225,"column":21},"end":{"line":225,"column":42}},"40":{"start":{"line":226,"column":17},"end":{"line":226,"column":41}},"41":{"start":{"line":228,"column":26},"end":{"line":248,"column":6}},"42":{"start":{"line":250,"column":26},"end":{"line":261,"column":7}},"43":{"start":{"line":250,"column":43},"end":{"line":261,"column":6}},"44":{"start":{"line":263,"column":4},"end":{"line":271,"column":6}},"45":{"start":{"line":18,"column":13},"end":{"line":18,"column":28}},"46":{"start":{"line":32,"column":8},"end":{"line":123,"column":null}},"47":{"start":{"line":129,"column":8},"end":{"line":208,"column":null}},"48":{"start":{"line":214,"column":8},"end":{"line":272,"column":null}},"49":{"start":{"line":18,"column":13},"end":{"line":273,"column":null}}},"fnMap":{"0":{"name":"(anonymous_4)","decl":{"start":{"line":19,"column":2},"end":{"line":19,"column":22}},"loc":{"start":{"line":19,"column":43},"end":{"line":19,"column":47}}},"1":{"name":"(anonymous_5)","decl":{"start":{"line":32,"column":2},"end":{"line":32,"column":7}},"loc":{"start":{"line":40,"column":38},"end":{"line":123,"column":3}}},"2":{"name":"(anonymous_6)","decl":{"start":{"line":100,"column":35},"end":{"line":100,"column":38}},"loc":{"start":{"line":100,"column":43},"end":{"line":112,"column":6}}},"3":{"name":"(anonymous_7)","decl":{"start":{"line":129,"column":2},"end":{"line":129,"column":7}},"loc":{"start":{"line":129,"column":46},"end":{"line":208,"column":3}}},"4":{"name":"(anonymous_8)","decl":{"start":{"line":182,"column":26},"end":{"line":182,"column":31}},"loc":{"start":{"line":182,"column":41},"end":{"line":194,"column":7}}},"5":{"name":"(anonymous_9)","decl":{"start":{"line":199,"column":39},"end":{"line":199,"column":43}},"loc":{"start":{"line":199,"column":48},"end":{"line":202,"column":8}}},"6":{"name":"(anonymous_10)","decl":{"start":{"line":214,"column":2},"end":{"line":214,"column":7}},"loc":{"start":{"line":217,"column":40},"end":{"line":272,"column":3}}},"7":{"name":"(anonymous_11)","decl":{"start":{"line":250,"column":35},"end":{"line":250,"column":38}},"loc":{"start":{"line":250,"column":43},"end":{"line":261,"column":6}}}},"branchMap":{"0":{"loc":{"start":{"line":34,"column":19},"end":{"line":34,"column":37}},"type":"default-arg","locations":[{"start":{"line":34,"column":34},"end":{"line":34,"column":37}}]},"1":{"loc":{"start":{"line":35,"column":20},"end":{"line":35,"column":40}},"type":"default-arg","locations":[{"start":{"line":35,"column":36},"end":{"line":35,"column":40}}]},"2":{"loc":{"start":{"line":43,"column":4},"end":{"line":45,"column":5}},"type":"if","locations":[{"start":{"line":43,"column":4},"end":{"line":45,"column":5}}]},"3":{"loc":{"start":{"line":47,"column":20},"end":{"line":47,"column":39}},"type":"binary-expr","locations":[{"start":{"line":47,"column":20},"end":{"line":47,"column":34}},{"start":{"line":47,"column":38},"end":{"line":47,"column":39}}]},"4":{"loc":{"start":{"line":48,"column":21},"end":{"line":48,"column":42}},"type":"binary-expr","locations":[{"start":{"line":48,"column":21},"end":{"line":48,"column":36}},{"start":{"line":48,"column":40},"end":{"line":48,"column":42}}]},"5":{"loc":{"start":{"line":54,"column":4},"end":{"line":56,"column":5}},"type":"if","locations":[{"start":{"line":54,"column":4},"end":{"line":56,"column":5}}]},"6":{"loc":{"start":{"line":58,"column":4},"end":{"line":60,"column":5}},"type":"if","locations":[{"start":{"line":58,"column":4},"end":{"line":60,"column":5}}]},"7":{"loc":{"start":{"line":62,"column":4},"end":{"line":64,"column":5}},"type":"if","locations":[{"start":{"line":62,"column":4},"end":{"line":64,"column":5}}]},"8":{"loc":{"start":{"line":66,"column":4},"end":{"line":74,"column":5}},"type":"if","locations":[{"start":{"line":66,"column":4},"end":{"line":74,"column":5}}]},"9":{"loc":{"start":{"line":66,"column":8},"end":{"line":66,"column":28}},"type":"binary-expr","locations":[{"start":{"line":66,"column":8},"end":{"line":66,"column":17}},{"start":{"line":66,"column":21},"end":{"line":66,"column":28}}]},"10":{"loc":{"start":{"line":68,"column":6},"end":{"line":70,"column":7}},"type":"if","locations":[{"start":{"line":68,"column":6},"end":{"line":70,"column":7}}]},"11":{"loc":{"start":{"line":71,"column":6},"end":{"line":73,"column":7}},"type":"if","locations":[{"start":{"line":71,"column":6},"end":{"line":73,"column":7}}]},"12":{"loc":{"start":{"line":131,"column":4},"end":{"line":133,"column":5}},"type":"if","locations":[{"start":{"line":131,"column":4},"end":{"line":133,"column":5}}]},"13":{"loc":{"start":{"line":189,"column":16},"end":{"line":189,"column":52}},"type":"binary-expr","locations":[{"start":{"line":189,"column":16},"end":{"line":189,"column":30}},{"start":{"line":189,"column":34},"end":{"line":189,"column":52}}]},"14":{"loc":{"start":{"line":190,"column":17},"end":{"line":190,"column":41}},"type":"binary-expr","locations":[{"start":{"line":190,"column":17},"end":{"line":190,"column":32}},{"start":{"line":190,"column":36},"end":{"line":190,"column":41}}]},"15":{"loc":{"start":{"line":191,"column":16},"end":{"line":191,"column":39}},"type":"binary-expr","locations":[{"start":{"line":191,"column":16},"end":{"line":191,"column":30}},{"start":{"line":191,"column":34},"end":{"line":191,"column":39}}]},"16":{"loc":{"start":{"line":216,"column":19},"end":{"line":216,"column":37}},"type":"default-arg","locations":[{"start":{"line":216,"column":34},"end":{"line":216,"column":37}}]},"17":{"loc":{"start":{"line":217,"column":20},"end":{"line":217,"column":40}},"type":"default-arg","locations":[{"start":{"line":217,"column":36},"end":{"line":217,"column":40}}]},"18":{"loc":{"start":{"line":220,"column":4},"end":{"line":222,"column":5}},"type":"if","locations":[{"start":{"line":220,"column":4},"end":{"line":222,"column":5}}]},"19":{"loc":{"start":{"line":224,"column":20},"end":{"line":224,"column":39}},"type":"binary-expr","locations":[{"start":{"line":224,"column":20},"end":{"line":224,"column":34}},{"start":{"line":224,"column":38},"end":{"line":224,"column":39}}]},"20":{"loc":{"start":{"line":225,"column":21},"end":{"line":225,"column":42}},"type":"binary-expr","locations":[{"start":{"line":225,"column":21},"end":{"line":225,"column":36}},{"start":{"line":225,"column":40},"end":{"line":225,"column":42}}]}},"s":{"0":0,"1":0,"2":0,"3":0,"4":0,"5":0,"6":0,"7":0,"8":0,"9":0,"10":0,"11":0,"12":0,"13":0,"14":0,"15":0,"16":0,"17":0,"18":0,"19":0,"20":0,"21":0,"22":0,"23":0,"24":0,"25":0,"26":0,"27":0,"28":0,"29":0,"30":0,"31":0,"32":0,"33":0,"34":0,"35":0,"36":0,"37":0,"38":0,"39":0,"40":0,"41":0,"42":0,"43":0,"44":0,"45":0,"46":0,"47":0,"48":0,"49":0},"f":{"0":0,"1":0,"2":0,"3":0,"4":0,"5":0,"6":0,"7":0},"b":{"0":[0],"1":[0],"2":[0],"3":[0,0],"4":[0,0],"5":[0],"6":[0],"7":[0],"8":[0],"9":[0,0],"10":[0],"11":[0],"12":[0],"13":[0,0],"14":[0,0],"15":[0,0],"16":[0],"17":[0],"18":[0],"19":[0,0],"20":[0,0]}}
,"/Users/douglasmelere/Documents/Programming/pagluz-backend-new/src/modules/audit/audit.module.ts": {"path":"/Users/douglasmelere/Documents/Programming/pagluz-backend-new/src/modules/audit/audit.module.ts","statementMap":{"0":{"start":{"line":1,"column":0},"end":{"line":1,"column":40}},"1":{"start":{"line":2,"column":0},"end":{"line":2,"column":53}},"2":{"start":{"line":3,"column":0},"end":{"line":3,"column":60}},"3":{"start":{"line":4,"column":0},"end":{"line":4,"column":67}},"4":{"start":{"line":11,"column":7},"end":{"line":11,"column":null}},"5":{"start":{"line":11,"column":13},"end":{"line":11,"column":24}},"6":{"start":{"line":11,"column":13},"end":{"line":11,"column":null}}},"fnMap":{},"branchMap":{},"s":{"0":0,"1":0,"2":0,"3":0,"4":0,"5":0,"6":0},"f":{},"b":{}}
,"/Users/douglasmelere/Documents/Programming/pagluz-backend-new/src/modules/auth/auth.controller.ts": {"path":"/Users/douglasmelere/Documents/Programming/pagluz-backend-new/src/modules/auth/auth.controller.ts","statementMap":{"0":{"start":{"line":1,"column":0},"end":{"line":1,"column":null}},"1":{"start":{"line":12,"column":0},"end":{"line":12,"column":84}},"2":{"start":{"line":13,"column":0},"end":{"line":13,"column":45}},"3":{"start":{"line":14,"column":0},"end":{"line":14,"column":43}},"4":{"start":{"line":15,"column":0},"end":{"line":15,"column":66}},"5":{"start":{"line":16,"column":0},"end":{"line":16,"column":69}},"6":{"start":{"line":17,"column":0},"end":{"line":17,"column":67}},"7":{"start":{"line":21,"column":7},"end":{"line":179,"column":null}},"8":{"start":{"line":23,"column":21},"end":{"line":23,"column":34}},"9":{"start":{"line":24,"column":21},"end":{"line":24,"column":36}},"10":{"start":{"line":25,"column":21},"end":{"line":25,"column":35}},"11":{"start":{"line":33,"column":4},"end":{"line":56,"column":5}},"12":{"start":{"line":34,"column":21},"end":{"line":34,"column":59}},"13":{"start":{"line":37,"column":6},"end":{"line":41,"column":8}},"14":{"start":{"line":43,"column":6},"end":{"line":43,"column":20}},"15":{"start":{"line":46,"column":6},"end":{"line":54,"column":7}},"16":{"start":{"line":47,"column":8},"end":{"line":53,"column":10}},"17":{"start":{"line":55,"column":6},"end":{"line":55,"column":18}},"18":{"start":{"line":64,"column":4},"end":{"line":87,"column":5}},"19":{"start":{"line":65,"column":21},"end":{"line":65,"column":73}},"20":{"start":{"line":68,"column":6},"end":{"line":72,"column":8}},"21":{"start":{"line":74,"column":6},"end":{"line":74,"column":20}},"22":{"start":{"line":77,"column":6},"end":{"line":85,"column":7}},"23":{"start":{"line":78,"column":8},"end":{"line":84,"column":10}},"24":{"start":{"line":86,"column":6},"end":{"line":86,"column":18}},"25":{"start":{"line":97,"column":18},"end":{"line":97,"column":27}},"26":{"start":{"line":98,"column":19},"end":{"line":98,"column":30}},"27":{"start":{"line":99,"column":22},"end":{"line":99,"column":35}},"28":{"start":{"line":100,"column":22},"end":{"line":100,"column":35}},"29":{"start":{"line":102,"column":19},"end":{"line":102,"column":87}},"30":{"start":{"line":103,"column":4},"end":{"line":103,"column":18}},"31":{"start":{"line":112,"column":4},"end":{"line":112,"column":20}},"32":{"start":{"line":123,"column":4},"end":{"line":125,"column":5}},"33":{"start":{"line":124,"column":6},"end":{"line":124,"column":94}},"34":{"start":{"line":127,"column":19},"end":{"line":127,"column":68}},"35":{"start":{"line":130,"column":4},"end":{"line":137,"column":6}},"36":{"start":{"line":139,"column":4},"end":{"line":139,"column":18}},"37":{"start":{"line":150,"column":4},"end":{"line":152,"column":5}},"38":{"start":{"line":151,"column":6},"end":{"line":151,"column":97}},"39":{"start":{"line":154,"column":19},"end":{"line":154,"column":103}},"40":{"start":{"line":157,"column":4},"end":{"line":163,"column":6}},"41":{"start":{"line":165,"column":4},"end":{"line":165,"column":18}},"42":{"start":{"line":169,"column":4},"end":{"line":173,"column":21}},"43":{"start":{"line":177,"column":4},"end":{"line":177,"column":50}},"44":{"start":{"line":21,"column":13},"end":{"line":21,"column":27}},"45":{"start":{"line":32,"column":8},"end":{"line":57,"column":null}},"46":{"start":{"line":63,"column":8},"end":{"line":88,"column":null}},"47":{"start":{"line":96,"column":8},"end":{"line":104,"column":null}},"48":{"start":{"line":111,"column":2},"end":{"line":113,"column":null}},"49":{"start":{"line":121,"column":8},"end":{"line":140,"column":null}},"50":{"start":{"line":148,"column":8},"end":{"line":166,"column":null}},"51":{"start":{"line":21,"column":13},"end":{"line":179,"column":null}}},"fnMap":{"0":{"name":"(anonymous_4)","decl":{"start":{"line":22,"column":2},"end":{"line":22,"column":null}},"loc":{"start":{"line":25,"column":47},"end":{"line":26,"column":6}}},"1":{"name":"(anonymous_5)","decl":{"start":{"line":32,"column":2},"end":{"line":32,"column":7}},"loc":{"start":{"line":32,"column":61},"end":{"line":57,"column":3}}},"2":{"name":"(anonymous_6)","decl":{"start":{"line":63,"column":2},"end":{"line":63,"column":7}},"loc":{"start":{"line":63,"column":75},"end":{"line":88,"column":3}}},"3":{"name":"(anonymous_7)","decl":{"start":{"line":96,"column":2},"end":{"line":96,"column":7}},"loc":{"start":{"line":96,"column":34},"end":{"line":104,"column":3}}},"4":{"name":"(anonymous_8)","decl":{"start":{"line":111,"column":2},"end":{"line":111,"column":12}},"loc":{"start":{"line":111,"column":32},"end":{"line":113,"column":3}}},"5":{"name":"(anonymous_9)","decl":{"start":{"line":121,"column":2},"end":{"line":121,"column":7}},"loc":{"start":{"line":121,"column":67},"end":{"line":140,"column":3}}},"6":{"name":"(anonymous_10)","decl":{"start":{"line":148,"column":2},"end":{"line":148,"column":7}},"loc":{"start":{"line":148,"column":67},"end":{"line":166,"column":3}}},"7":{"name":"(anonymous_11)","decl":{"start":{"line":168,"column":10},"end":{"line":168,"column":26}},"loc":{"start":{"line":168,"column":35},"end":{"line":174,"column":3}}},"8":{"name":"(anonymous_12)","decl":{"start":{"line":176,"column":10},"end":{"line":176,"column":26}},"loc":{"start":{"line":176,"column":35},"end":{"line":178,"column":3}}}},"branchMap":{"0":{"loc":{"start":{"line":46,"column":6},"end":{"line":54,"column":7}},"type":"if","locations":[{"start":{"line":46,"column":6},"end":{"line":54,"column":7}}]},"1":{"loc":{"start":{"line":77,"column":6},"end":{"line":85,"column":7}},"type":"if","locations":[{"start":{"line":77,"column":6},"end":{"line":85,"column":7}}]},"2":{"loc":{"start":{"line":123,"column":4},"end":{"line":125,"column":5}},"type":"if","locations":[{"start":{"line":123,"column":4},"end":{"line":125,"column":5}}]},"3":{"loc":{"start":{"line":150,"column":4},"end":{"line":152,"column":5}},"type":"if","locations":[{"start":{"line":150,"column":4},"end":{"line":152,"column":5}}]},"4":{"loc":{"start":{"line":169,"column":11},"end":{"line":173,"column":20}},"type":"binary-expr","locations":[{"start":{"line":169,"column":11},"end":{"line":169,"column":17}},{"start":{"line":170,"column":11},"end":{"line":170,"column":40}},{"start":{"line":171,"column":11},"end":{"line":171,"column":36}},{"start":{"line":172,"column":11},"end":{"line":172,"column":48}},{"start":{"line":173,"column":11},"end":{"line":173,"column":20}}]},"5":{"loc":{"start":{"line":177,"column":11},"end":{"line":177,"column":49}},"type":"binary-expr","locations":[{"start":{"line":177,"column":11},"end":{"line":177,"column":36}},{"start":{"line":177,"column":40},"end":{"line":177,"column":49}}]}},"s":{"0":0,"1":0,"2":0,"3":0,"4":0,"5":0,"6":0,"7":0,"8":0,"9":0,"10":0,"11":0,"12":0,"13":0,"14":0,"15":0,"16":0,"17":0,"18":0,"19":0,"20":0,"21":0,"22":0,"23":0,"24":0,"25":0,"26":0,"27":0,"28":0,"29":0,"30":0,"31":0,"32":0,"33":0,"34":0,"35":0,"36":0,"37":0,"38":0,"39":0,"40":0,"41":0,"42":0,"43":0,"44":0,"45":0,"46":0,"47":0,"48":0,"49":0,"50":0,"51":0},"f":{"0":0,"1":0,"2":0,"3":0,"4":0,"5":0,"6":0,"7":0,"8":0},"b":{"0":[0],"1":[0],"2":[0],"3":[0],"4":[0,0,0,0,0],"5":[0,0]}}
,"/Users/douglasmelere/Documents/Programming/pagluz-backend-new/src/modules/auth/auth.module.ts": {"path":"/Users/douglasmelere/Documents/Programming/pagluz-backend-new/src/modules/auth/auth.module.ts","statementMap":{"0":{"start":{"line":1,"column":0},"end":{"line":1,"column":40}},"1":{"start":{"line":2,"column":0},"end":{"line":2,"column":50}},"2":{"start":{"line":3,"column":0},"end":{"line":3,"column":40}},"3":{"start":{"line":4,"column":0},"end":{"line":4,"column":61}},"4":{"start":{"line":5,"column":0},"end":{"line":5,"column":45}},"5":{"start":{"line":6,"column":0},"end":{"line":6,"column":51}},"6":{"start":{"line":7,"column":0},"end":{"line":7,"column":60}},"7":{"start":{"line":8,"column":0},"end":{"line":8,"column":56}},"8":{"start":{"line":9,"column":0},"end":{"line":9,"column":60}},"9":{"start":{"line":10,"column":0},"end":{"line":10,"column":67}},"10":{"start":{"line":11,"column":0},"end":{"line":11,"column":69}},"11":{"start":{"line":12,"column":0},"end":{"line":12,"column":88}},"12":{"start":{"line":44,"column":7},"end":{"line":44,"column":null}},"13":{"start":{"line":44,"column":13},"end":{"line":44,"column":23}},"14":{"start":{"line":44,"column":13},"end":{"line":44,"column":null}},"15":{"start":{"line":19,"column":59},"end":{"line":22,"column":8}}},"fnMap":{"0":{"name":"(anonymous_1)","decl":{"start":{"line":19,"column":18},"end":{"line":19,"column":23}},"loc":{"start":{"line":19,"column":59},"end":{"line":22,"column":8}}}},"branchMap":{"0":{"loc":{"start":{"line":20,"column":16},"end":{"line":20,"column":76}},"type":"binary-expr","locations":[{"start":{"line":20,"column":16},"end":{"line":20,"column":55}},{"start":{"line":20,"column":59},"end":{"line":20,"column":76}}]}},"s":{"0":0,"1":0,"2":0,"3":0,"4":0,"5":0,"6":0,"7":0,"8":0,"9":0,"10":0,"11":0,"12":0,"13":0,"14":0,"15":0},"f":{"0":0},"b":{"0":[0,0]}}
,"/Users/douglasmelere/Documents/Programming/pagluz-backend-new/src/modules/auth/auth.service.ts": {"path":"/Users/douglasmelere/Documents/Programming/pagluz-backend-new/src/modules/auth/auth.service.ts","statementMap":{"0":{"start":{"line":1,"column":0},"end":{"line":1,"column":107}},"1":{"start":{"line":2,"column":0},"end":{"line":2,"column":41}},"2":{"start":{"line":3,"column":0},"end":{"line":3,"column":60}},"3":{"start":{"line":5,"column":0},"end":{"line":5,"column":35}},"4":{"start":{"line":8,"column":7},"end":{"line":236,"column":null}},"5":{"start":{"line":10,"column":12},"end":{"line":10,"column":24}},"6":{"start":{"line":11,"column":12},"end":{"line":11,"column":20}},"7":{"start":{"line":15,"column":17},"end":{"line":15,"column":75}},"8":{"start":{"line":17,"column":4},"end":{"line":19,"column":5}},"9":{"start":{"line":18,"column":6},"end":{"line":18,"column":63}},"10":{"start":{"line":22,"column":4},"end":{"line":24,"column":5}},"11":{"start":{"line":23,"column":6},"end":{"line":23,"column":58}},"12":{"start":{"line":27,"column":4},"end":{"line":29,"column":5}},"13":{"start":{"line":28,"column":6},"end":{"line":28,"column":95}},"14":{"start":{"line":32,"column":4},"end":{"line":37,"column":5}},"15":{"start":{"line":33,"column":6},"end":{"line":36,"column":9}},"16":{"start":{"line":40,"column":4},"end":{"line":46,"column":7}},"17":{"start":{"line":48,"column":20},"end":{"line":53,"column":6}},"18":{"start":{"line":55,"column":4},"end":{"line":66,"column":6}},"19":{"start":{"line":70,"column":17},"end":{"line":70,"column":72}},"20":{"start":{"line":72,"column":4},"end":{"line":74,"column":5}},"21":{"start":{"line":73,"column":6},"end":{"line":73,"column":18}},"22":{"start":{"line":77,"column":4},"end":{"line":93,"column":5}},"23":{"start":{"line":78,"column":32},"end":{"line":78,"column":60}},"24":{"start":{"line":79,"column":37},"end":{"line":79,"column":41}},"25":{"start":{"line":82,"column":6},"end":{"line":84,"column":7}},"26":{"start":{"line":83,"column":8},"end":{"line":83,"column":60}},"27":{"start":{"line":86,"column":6},"end":{"line":92,"column":9}},"28":{"start":{"line":95,"column":4},"end":{"line":95,"column":16}},"29":{"start":{"line":99,"column":27},"end":{"line":99,"column":95}},"30":{"start":{"line":101,"column":4},"end":{"line":103,"column":5}},"31":{"start":{"line":102,"column":6},"end":{"line":102,"column":63}},"32":{"start":{"line":106,"column":4},"end":{"line":108,"column":5}},"33":{"start":{"line":107,"column":6},"end":{"line":107,"column":70}},"34":{"start":{"line":111,"column":4},"end":{"line":117,"column":7}},"35":{"start":{"line":119,"column":20},"end":{"line":124,"column":6}},"36":{"start":{"line":126,"column":4},"end":{"line":138,"column":6}},"37":{"start":{"line":142,"column":27},"end":{"line":142,"column":92}},"38":{"start":{"line":144,"column":4},"end":{"line":146,"column":5}},"39":{"start":{"line":145,"column":6},"end":{"line":145,"column":28}},"40":{"start":{"line":148,"column":4},"end":{"line":148,"column":16}},"41":{"start":{"line":152,"column":44},"end":{"line":152,"column":57}},"42":{"start":{"line":155,"column":4},"end":{"line":157,"column":5}},"43":{"start":{"line":156,"column":6},"end":{"line":156,"column":72}},"44":{"start":{"line":160,"column":25},"end":{"line":162,"column":6}},"45":{"start":{"line":164,"column":4},"end":{"line":166,"column":5}},"46":{"start":{"line":165,"column":6},"end":{"line":165,"column":70}},"47":{"start":{"line":169,"column":23},"end":{"line":169,"column":55}},"48":{"start":{"line":170,"column":4},"end":{"line":172,"column":5}},"49":{"start":{"line":171,"column":6},"end":{"line":171,"column":53}},"50":{"start":{"line":175,"column":27},"end":{"line":175,"column":58}},"51":{"start":{"line":178,"column":17},"end":{"line":196,"column":6}},"52":{"start":{"line":198,"column":4},"end":{"line":198,"column":16}},"53":{"start":{"line":203,"column":31},"end":{"line":205,"column":6}},"54":{"start":{"line":207,"column":4},"end":{"line":209,"column":5}},"55":{"start":{"line":208,"column":6},"end":{"line":208,"column":73}},"56":{"start":{"line":212,"column":27},"end":{"line":212,"column":60}},"57":{"start":{"line":214,"column":23},"end":{"line":232,"column":6}},"58":{"start":{"line":234,"column":4},"end":{"line":234,"column":22}},"59":{"start":{"line":8,"column":13},"end":{"line":8,"column":24}},"60":{"start":{"line":8,"column":13},"end":{"line":236,"column":null}}},"fnMap":{"0":{"name":"(anonymous_2)","decl":{"start":{"line":9,"column":2},"end":{"line":9,"column":null}},"loc":{"start":{"line":11,"column":33},"end":{"line":12,"column":6}}},"1":{"name":"(anonymous_3)","decl":{"start":{"line":14,"column":2},"end":{"line":14,"column":7}},"loc":{"start":{"line":14,"column":32},"end":{"line":67,"column":3}}},"2":{"name":"(anonymous_4)","decl":{"start":{"line":69,"column":2},"end":{"line":69,"column":7}},"loc":{"start":{"line":69,"column":52},"end":{"line":96,"column":3}}},"3":{"name":"(anonymous_5)","decl":{"start":{"line":98,"column":2},"end":{"line":98,"column":7}},"loc":{"start":{"line":98,"column":46},"end":{"line":139,"column":3}}},"4":{"name":"(anonymous_6)","decl":{"start":{"line":141,"column":2},"end":{"line":141,"column":7}},"loc":{"start":{"line":141,"column":62},"end":{"line":149,"column":3}}},"5":{"name":"(anonymous_7)","decl":{"start":{"line":151,"column":2},"end":{"line":151,"column":7}},"loc":{"start":{"line":151,"column":38},"end":{"line":199,"column":3}}},"6":{"name":"(anonymous_8)","decl":{"start":{"line":201,"column":2},"end":{"line":201,"column":7}},"loc":{"start":{"line":201,"column":26},"end":{"line":235,"column":3}}}},"branchMap":{"0":{"loc":{"start":{"line":17,"column":4},"end":{"line":19,"column":5}},"type":"if","locations":[{"start":{"line":17,"column":4},"end":{"line":19,"column":5}}]},"1":{"loc":{"start":{"line":22,"column":4},"end":{"line":24,"column":5}},"type":"if","locations":[{"start":{"line":22,"column":4},"end":{"line":24,"column":5}}]},"2":{"loc":{"start":{"line":27,"column":4},"end":{"line":29,"column":5}},"type":"if","locations":[{"start":{"line":27,"column":4},"end":{"line":29,"column":5}}]},"3":{"loc":{"start":{"line":27,"column":8},"end":{"line":27,"column":57}},"type":"binary-expr","locations":[{"start":{"line":27,"column":8},"end":{"line":27,"column":24}},{"start":{"line":27,"column":28},"end":{"line":27,"column":57}}]},"4":{"loc":{"start":{"line":32,"column":4},"end":{"line":37,"column":5}},"type":"if","locations":[{"start":{"line":32,"column":4},"end":{"line":37,"column":5}}]},"5":{"loc":{"start":{"line":72,"column":4},"end":{"line":74,"column":5}},"type":"if","locations":[{"start":{"line":72,"column":4},"end":{"line":74,"column":5}}]},"6":{"loc":{"start":{"line":72,"column":8},"end":{"line":72,"column":61}},"type":"binary-expr","locations":[{"start":{"line":72,"column":8},"end":{"line":72,"column":12}},{"start":{"line":72,"column":16},"end":{"line":72,"column":61}}]},"7":{"loc":{"start":{"line":77,"column":4},"end":{"line":93,"column":5}},"type":"if","locations":[{"start":{"line":77,"column":4},"end":{"line":93,"column":5}}]},"8":{"loc":{"start":{"line":82,"column":6},"end":{"line":84,"column":7}},"type":"if","locations":[{"start":{"line":82,"column":6},"end":{"line":84,"column":7}}]},"9":{"loc":{"start":{"line":101,"column":4},"end":{"line":103,"column":5}},"type":"if","locations":[{"start":{"line":101,"column":4},"end":{"line":103,"column":5}}]},"10":{"loc":{"start":{"line":106,"column":4},"end":{"line":108,"column":5}},"type":"if","locations":[{"start":{"line":106,"column":4},"end":{"line":108,"column":5}}]},"11":{"loc":{"start":{"line":144,"column":4},"end":{"line":146,"column":5}},"type":"if","locations":[{"start":{"line":144,"column":4},"end":{"line":146,"column":5}}]},"12":{"loc":{"start":{"line":144,"column":8},"end":{"line":144,"column":81}},"type":"binary-expr","locations":[{"start":{"line":144,"column":8},"end":{"line":144,"column":22}},{"start":{"line":144,"column":26},"end":{"line":144,"column":81}}]},"13":{"loc":{"start":{"line":155,"column":4},"end":{"line":157,"column":5}},"type":"if","locations":[{"start":{"line":155,"column":4},"end":{"line":157,"column":5}}]},"14":{"loc":{"start":{"line":155,"column":8},"end":{"line":155,"column":45}},"type":"binary-expr","locations":[{"start":{"line":155,"column":8},"end":{"line":155,"column":14}},{"start":{"line":155,"column":18},"end":{"line":155,"column":27}},{"start":{"line":155,"column":31},"end":{"line":155,"column":36}},{"start":{"line":155,"column":40},"end":{"line":155,"column":45}}]},"15":{"loc":{"start":{"line":164,"column":4},"end":{"line":166,"column":5}},"type":"if","locations":[{"start":{"line":164,"column":4},"end":{"line":166,"column":5}}]},"16":{"loc":{"start":{"line":170,"column":4},"end":{"line":172,"column":5}},"type":"if","locations":[{"start":{"line":170,"column":4},"end":{"line":172,"column":5}}]},"17":{"loc":{"start":{"line":207,"column":4},"end":{"line":209,"column":5}},"type":"if","locations":[{"start":{"line":207,"column":4},"end":{"line":209,"column":5}}]}},"s":{"0":0,"1":0,"2":0,"3":0,"4":0,"5":0,"6":0,"7":0,"8":0,"9":0,"10":0,"11":0,"12":0,"13":0,"14":0,"15":0,"16":0,"17":0,"18":0,"19":0,"20":0,"21":0,"22":0,"23":0,"24":0,"25":0,"26":0,"27":0,"28":0,"29":0,"30":0,"31":0,"32":0,"33":0,"34":0,"35":0,"36":0,"37":0,"38":0,"39":0,"40":0,"41":0,"42":0,"43":0,"44":0,"45":0,"46":0,"47":0,"48":0,"49":0,"50":0,"51":0,"52":0,"53":0,"54":0,"55":0,"56":0,"57":0,"58":0,"59":0,"60":0},"f":{"0":0,"1":0,"2":0,"3":0,"4":0,"5":0,"6":0},"b":{"0":[0],"1":[0],"2":[0],"3":[0,0],"4":[0],"5":[0],"6":[0,0],"7":[0],"8":[0],"9":[0],"10":[0],"11":[0],"12":[0,0],"13":[0],"14":[0,0,0,0],"15":[0],"16":[0],"17":[0]}}
,"/Users/douglasmelere/Documents/Programming/pagluz-backend-new/src/modules/auth/dto/login.dto.ts": {"path":"/Users/douglasmelere/Documents/Programming/pagluz-backend-new/src/modules/auth/dto/login.dto.ts","statementMap":{"0":{"start":{"line":1,"column":0},"end":{"line":1,"column":46}},"1":{"start":{"line":2,"column":0},"end":{"line":2,"column":64}},"2":{"start":{"line":4,"column":0},"end":{"line":4,"column":13}},"3":{"start":{"line":11,"column":2},"end":{"line":11,"column":null}},"4":{"start":{"line":19,"column":2},"end":{"line":19,"column":null}}},"fnMap":{},"branchMap":{},"s":{"0":0,"1":0,"2":0,"3":0,"4":0},"f":{},"b":{}}
,"/Users/douglasmelere/Documents/Programming/pagluz-backend-new/src/modules/auth/strategies/jwt.strategy.ts": {"path":"/Users/douglasmelere/Documents/Programming/pagluz-backend-new/src/modules/auth/strategies/jwt.strategy.ts","statementMap":{"0":{"start":{"line":1,"column":0},"end":{"line":1,"column":67}},"1":{"start":{"line":2,"column":0},"end":{"line":2,"column":47}},"2":{"start":{"line":3,"column":0},"end":{"line":3,"column":52}},"3":{"start":{"line":4,"column":0},"end":{"line":4,"column":52}},"4":{"start":{"line":5,"column":0},"end":{"line":5,"column":63}},"5":{"start":{"line":14,"column":7},"end":{"line":41,"column":null}},"6":{"start":{"line":19,"column":4},"end":{"line":23,"column":7}},"7":{"start":{"line":16,"column":12},"end":{"line":16,"column":27}},"8":{"start":{"line":17,"column":12},"end":{"line":17,"column":20}},"9":{"start":{"line":27,"column":17},"end":{"line":29,"column":6}},"10":{"start":{"line":31,"column":4},"end":{"line":33,"column":5}},"11":{"start":{"line":32,"column":6},"end":{"line":32,"column":56}},"12":{"start":{"line":35,"column":4},"end":{"line":39,"column":6}},"13":{"start":{"line":14,"column":13},"end":{"line":14,"column":24}},"14":{"start":{"line":14,"column":13},"end":{"line":41,"column":null}}},"fnMap":{"0":{"name":"(anonymous_2)","decl":{"start":{"line":15,"column":2},"end":{"line":15,"column":null}},"loc":{"start":{"line":17,"column":33},"end":{"line":24,"column":3}}},"1":{"name":"(anonymous_3)","decl":{"start":{"line":26,"column":2},"end":{"line":26,"column":7}},"loc":{"start":{"line":26,"column":36},"end":{"line":40,"column":3}}}},"branchMap":{"0":{"loc":{"start":{"line":22,"column":19},"end":{"line":22,"column":78}},"type":"binary-expr","locations":[{"start":{"line":22,"column":19},"end":{"line":22,"column":58}},{"start":{"line":22,"column":62},"end":{"line":22,"column":78}}]},"1":{"loc":{"start":{"line":31,"column":4},"end":{"line":33,"column":5}},"type":"if","locations":[{"start":{"line":31,"column":4},"end":{"line":33,"column":5}}]}},"s":{"0":0,"1":0,"2":0,"3":0,"4":0,"5":0,"6":0,"7":0,"8":0,"9":0,"10":0,"11":0,"12":0,"13":0,"14":0},"f":{"0":0,"1":0},"b":{"0":[0,0],"1":[0]}}
,"/Users/douglasmelere/Documents/Programming/pagluz-backend-new/src/modules/auth/strategies/local.strategy.ts": {"path":"/Users/douglasmelere/Documents/Programming/pagluz-backend-new/src/modules/auth/strategies/local.strategy.ts","statementMap":{"0":{"start":{"line":1,"column":0},"end":{"line":1,"column":67}},"1":{"start":{"line":2,"column":0},"end":{"line":2,"column":52}},"2":{"start":{"line":3,"column":0},"end":{"line":3,"column":42}},"3":{"start":{"line":4,"column":0},"end":{"line":4,"column":46}},"4":{"start":{"line":7,"column":7},"end":{"line":21,"column":null}},"5":{"start":{"line":9,"column":4},"end":{"line":11,"column":7}},"6":{"start":{"line":8,"column":22},"end":{"line":8,"column":35}},"7":{"start":{"line":15,"column":17},"end":{"line":15,"column":69}},"8":{"start":{"line":16,"column":4},"end":{"line":18,"column":5}},"9":{"start":{"line":17,"column":6},"end":{"line":17,"column":63}},"10":{"start":{"line":19,"column":4},"end":{"line":19,"column":16}},"11":{"start":{"line":7,"column":13},"end":{"line":7,"column":26}},"12":{"start":{"line":7,"column":13},"end":{"line":21,"column":null}}},"fnMap":{"0":{"name":"(anonymous_2)","decl":{"start":{"line":8,"column":2},"end":{"line":8,"column":22}},"loc":{"start":{"line":8,"column":46},"end":{"line":12,"column":3}}},"1":{"name":"(anonymous_3)","decl":{"start":{"line":14,"column":2},"end":{"line":14,"column":7}},"loc":{"start":{"line":14,"column":48},"end":{"line":20,"column":3}}}},"branchMap":{"0":{"loc":{"start":{"line":16,"column":4},"end":{"line":18,"column":5}},"type":"if","locations":[{"start":{"line":16,"column":4},"end":{"line":18,"column":5}}]}},"s":{"0":0,"1":0,"2":0,"3":0,"4":0,"5":0,"6":0,"7":0,"8":0,"9":0,"10":0,"11":0,"12":0},"f":{"0":0,"1":0},"b":{"0":[0]}}
,"/Users/douglasmelere/Documents/Programming/pagluz-backend-new/src/modules/consumers/consumers.controller.ts": {"path":"/Users/douglasmelere/Documents/Programming/pagluz-backend-new/src/modules/consumers/consumers.controller.ts","statementMap":{"0":{"start":{"line":1,"column":0},"end":{"line":1,"column":null}},"1":{"start":{"line":13,"column":0},"end":{"line":13,"column":null}},"2":{"start":{"line":20,"column":0},"end":{"line":20,"column":55}},"3":{"start":{"line":21,"column":0},"end":{"line":21,"column":62}},"4":{"start":{"line":22,"column":0},"end":{"line":22,"column":62}},"5":{"start":{"line":23,"column":0},"end":{"line":23,"column":66}},"6":{"start":{"line":24,"column":0},"end":{"line":24,"column":88}},"7":{"start":{"line":30,"column":7},"end":{"line":133,"column":null}},"8":{"start":{"line":31,"column":31},"end":{"line":31,"column":49}},"9":{"start":{"line":38,"column":4},"end":{"line":38,"column":59}},"10":{"start":{"line":51,"column":29},"end":{"line":51,"column":40}},"11":{"start":{"line":52,"column":4},"end":{"line":52,"column":93}},"12":{"start":{"line":60,"column":29},"end":{"line":60,"column":40}},"13":{"start":{"line":61,"column":4},"end":{"line":61,"column":72}},"14":{"start":{"line":68,"column":4},"end":{"line":68,"column":43}},"15":{"start":{"line":75,"column":4},"end":{"line":75,"column":49}},"16":{"start":{"line":83,"column":4},"end":{"line":83,"column":51}},"17":{"start":{"line":91,"column":4},"end":{"line":91,"column":45}},"18":{"start":{"line":99,"column":4},"end":{"line":99,"column":63}},"19":{"start":{"line":107,"column":4},"end":{"line":107,"column":44}},"20":{"start":{"line":119,"column":4},"end":{"line":123,"column":6}},"21":{"start":{"line":131,"column":4},"end":{"line":131,"column":56}},"22":{"start":{"line":30,"column":13},"end":{"line":30,"column":32}},"23":{"start":{"line":37,"column":2},"end":{"line":39,"column":null}},"24":{"start":{"line":46,"column":2},"end":{"line":53,"column":null}},"25":{"start":{"line":59,"column":2},"end":{"line":62,"column":null}},"26":{"start":{"line":67,"column":2},"end":{"line":69,"column":null}},"27":{"start":{"line":74,"column":2},"end":{"line":76,"column":null}},"28":{"start":{"line":82,"column":2},"end":{"line":84,"column":null}},"29":{"start":{"line":90,"column":2},"end":{"line":92,"column":null}},"30":{"start":{"line":98,"column":2},"end":{"line":100,"column":null}},"31":{"start":{"line":106,"column":2},"end":{"line":108,"column":null}},"32":{"start":{"line":115,"column":2},"end":{"line":124,"column":null}},"33":{"start":{"line":130,"column":2},"end":{"line":132,"column":null}},"34":{"start":{"line":30,"column":13},"end":{"line":133,"column":null}}},"fnMap":{"0":{"name":"(anonymous_4)","decl":{"start":{"line":31,"column":2},"end":{"line":31,"column":31}},"loc":{"start":{"line":31,"column":65},"end":{"line":31,"column":69}}},"1":{"name":"(anonymous_5)","decl":{"start":{"line":37,"column":2},"end":{"line":37,"column":8}},"loc":{"start":{"line":37,"column":53},"end":{"line":39,"column":3}}},"2":{"name":"(anonymous_6)","decl":{"start":{"line":46,"column":2},"end":{"line":46,"column":24}},"loc":{"start":{"line":48,"column":23},"end":{"line":53,"column":3}}},"3":{"name":"(anonymous_7)","decl":{"start":{"line":59,"column":2},"end":{"line":59,"column":17}},"loc":{"start":{"line":59,"column":37},"end":{"line":62,"column":3}}},"4":{"name":"(anonymous_8)","decl":{"start":{"line":67,"column":2},"end":{"line":67,"column":9}},"loc":{"start":{"line":67,"column":9},"end":{"line":69,"column":3}}},"5":{"name":"(anonymous_9)","decl":{"start":{"line":74,"column":2},"end":{"line":74,"column":15}},"loc":{"start":{"line":74,"column":15},"end":{"line":76,"column":3}}},"6":{"name":"(anonymous_10)","decl":{"start":{"line":82,"column":2},"end":{"line":82,"column":12}},"loc":{"start":{"line":82,"column":42},"end":{"line":84,"column":3}}},"7":{"name":"(anonymous_11)","decl":{"start":{"line":90,"column":2},"end":{"line":90,"column":9}},"loc":{"start":{"line":90,"column":33},"end":{"line":92,"column":3}}},"8":{"name":"(anonymous_12)","decl":{"start":{"line":98,"column":2},"end":{"line":98,"column":8}},"loc":{"start":{"line":98,"column":78},"end":{"line":100,"column":3}}},"9":{"name":"(anonymous_13)","decl":{"start":{"line":106,"column":2},"end":{"line":106,"column":8}},"loc":{"start":{"line":106,"column":32},"end":{"line":108,"column":3}}},"10":{"name":"(anonymous_14)","decl":{"start":{"line":115,"column":2},"end":{"line":115,"column":21}},"loc":{"start":{"line":117,"column":61},"end":{"line":124,"column":3}}},"11":{"name":"(anonymous_15)","decl":{"start":{"line":130,"column":2},"end":{"line":130,"column":12}},"loc":{"start":{"line":130,"column":44},"end":{"line":132,"column":3}}}},"branchMap":{},"s":{"0":0,"1":0,"2":0,"3":0,"4":0,"5":0,"6":0,"7":0,"8":0,"9":0,"10":0,"11":0,"12":0,"13":0,"14":0,"15":0,"16":0,"17":0,"18":0,"19":0,"20":0,"21":0,"22":0,"23":0,"24":0,"25":0,"26":0,"27":0,"28":0,"29":0,"30":0,"31":0,"32":0,"33":0,"34":0},"f":{"0":0,"1":0,"2":0,"3":0,"4":0,"5":0,"6":0,"7":0,"8":0,"9":0,"10":0,"11":0},"b":{}}
,"/Users/douglasmelere/Documents/Programming/pagluz-backend-new/src/modules/consumers/consumers.module.ts": {"path":"/Users/douglasmelere/Documents/Programming/pagluz-backend-new/src/modules/consumers/consumers.module.ts","statementMap":{"0":{"start":{"line":1,"column":0},"end":{"line":1,"column":40}},"1":{"start":{"line":2,"column":0},"end":{"line":2,"column":55}},"2":{"start":{"line":3,"column":0},"end":{"line":3,"column":61}},"3":{"start":{"line":4,"column":0},"end":{"line":4,"column":60}},"4":{"start":{"line":11,"column":7},"end":{"line":11,"column":null}},"5":{"start":{"line":11,"column":13},"end":{"line":11,"column":28}},"6":{"start":{"line":11,"column":13},"end":{"line":11,"column":null}}},"fnMap":{},"branchMap":{},"s":{"0":0,"1":0,"2":0,"3":0,"4":0,"5":0,"6":0},"f":{},"b":{}}
,"/Users/douglasmelere/Documents/Programming/pagluz-backend-new/src/modules/consumers/consumers.service.ts": {"path":"/Users/douglasmelere/Documents/Programming/pagluz-backend-new/src/modules/consumers/consumers.service.ts","statementMap":{"0":{"start":{"line":1,"column":0},"end":{"line":1,"column":null}},"1":{"start":{"line":7,"column":0},"end":{"line":7,"column":60}},"2":{"start":{"line":10,"column":0},"end":{"line":10,"column":48}},"3":{"start":{"line":13,"column":7},"end":{"line":321,"column":null}},"4":{"start":{"line":14,"column":22},"end":{"line":14,"column":30}},"5":{"start":{"line":17,"column":54},"end":{"line":17,"column":71}},"6":{"start":{"line":20,"column":4},"end":{"line":28,"column":5}},"7":{"start":{"line":21,"column":24},"end":{"line":23,"column":8}},"8":{"start":{"line":25,"column":6},"end":{"line":27,"column":7}},"9":{"start":{"line":26,"column":8},"end":{"line":26,"column":62}},"10":{"start":{"line":30,"column":21},"end":{"line":39,"column":6}},"11":{"start":{"line":41,"column":4},"end":{"line":41,"column":20}},"12":{"start":{"line":45,"column":54},"end":{"line":45,"column":71}},"13":{"start":{"line":48,"column":27},"end":{"line":50,"column":6}},"14":{"start":{"line":52,"column":4},"end":{"line":54,"column":5}},"15":{"start":{"line":53,"column":6},"end":{"line":53,"column":66}},"16":{"start":{"line":56,"column":4},"end":{"line":58,"column":5}},"17":{"start":{"line":57,"column":6},"end":{"line":57,"column":68}},"18":{"start":{"line":61,"column":4},"end":{"line":69,"column":5}},"19":{"start":{"line":62,"column":24},"end":{"line":64,"column":8}},"20":{"start":{"line":66,"column":6},"end":{"line":68,"column":7}},"21":{"start":{"line":67,"column":8},"end":{"line":67,"column":62}},"22":{"start":{"line":72,"column":21},"end":{"line":89,"column":6}},"23":{"start":{"line":91,"column":4},"end":{"line":91,"column":20}},"24":{"start":{"line":95,"column":22},"end":{"line":109,"column":6}},"25":{"start":{"line":111,"column":4},"end":{"line":111,"column":21}},"26":{"start":{"line":115,"column":21},"end":{"line":120,"column":6}},"27":{"start":{"line":122,"column":4},"end":{"line":124,"column":5}},"28":{"start":{"line":123,"column":6},"end":{"line":123,"column":63}},"29":{"start":{"line":126,"column":4},"end":{"line":126,"column":20}},"30":{"start":{"line":131,"column":22},"end":{"line":143,"column":6}},"31":{"start":{"line":145,"column":4},"end":{"line":145,"column":21}},"32":{"start":{"line":149,"column":22},"end":{"line":172,"column":6}},"33":{"start":{"line":174,"column":4},"end":{"line":174,"column":21}},"34":{"start":{"line":178,"column":43},"end":{"line":178,"column":60}},"35":{"start":{"line":181,"column":4},"end":{"line":181,"column":27}},"36":{"start":{"line":184,"column":4},"end":{"line":192,"column":5}},"37":{"start":{"line":185,"column":24},"end":{"line":187,"column":8}},"38":{"start":{"line":189,"column":6},"end":{"line":191,"column":7}},"39":{"start":{"line":190,"column":8},"end":{"line":190,"column":62}},"40":{"start":{"line":194,"column":21},"end":{"line":203,"column":6}},"41":{"start":{"line":205,"column":4},"end":{"line":205,"column":20}},"42":{"start":{"line":210,"column":4},"end":{"line":210,"column":27}},"43":{"start":{"line":212,"column":4},"end":{"line":214,"column":7}},"44":{"start":{"line":216,"column":4},"end":{"line":216,"column":58}},"45":{"start":{"line":220,"column":4},"end":{"line":222,"column":5}},"46":{"start":{"line":221,"column":6},"end":{"line":221,"column":76}},"47":{"start":{"line":225,"column":21},"end":{"line":225,"column":51}},"48":{"start":{"line":228,"column":22},"end":{"line":230,"column":6}},"49":{"start":{"line":232,"column":4},"end":{"line":234,"column":5}},"50":{"start":{"line":233,"column":6},"end":{"line":233,"column":60}},"51":{"start":{"line":237,"column":4},"end":{"line":239,"column":5}},"52":{"start":{"line":238,"column":6},"end":{"line":238,"column":64}},"53":{"start":{"line":242,"column":28},"end":{"line":252,"column":6}},"54":{"start":{"line":254,"column":4},"end":{"line":254,"column":27}},"55":{"start":{"line":259,"column":4},"end":{"line":259,"column":35}},"56":{"start":{"line":261,"column":28},"end":{"line":268,"column":6}},"57":{"start":{"line":270,"column":4},"end":{"line":270,"column":27}},"58":{"start":{"line":274,"column":22},"end":{"line":285,"column":6}},"59":{"start":{"line":287,"column":4},"end":{"line":287,"column":21}},"60":{"start":{"line":291,"column":18},"end":{"line":291,"column":52}},"61":{"start":{"line":292,"column":22},"end":{"line":294,"column":6}},"62":{"start":{"line":295,"column":22},"end":{"line":297,"column":6}},"63":{"start":{"line":299,"column":29},"end":{"line":303,"column":6}},"64":{"start":{"line":305,"column":20},"end":{"line":310,"column":6}},"65":{"start":{"line":312,"column":4},"end":{"line":319,"column":6}},"66":{"start":{"line":13,"column":13},"end":{"line":13,"column":29}},"67":{"start":{"line":13,"column":13},"end":{"line":321,"column":null}}},"fnMap":{"0":{"name":"(anonymous_2)","decl":{"start":{"line":14,"column":2},"end":{"line":14,"column":22}},"loc":{"start":{"line":14,"column":43},"end":{"line":14,"column":47}}},"1":{"name":"(anonymous_3)","decl":{"start":{"line":16,"column":2},"end":{"line":16,"column":7}},"loc":{"start":{"line":16,"column":51},"end":{"line":42,"column":3}}},"2":{"name":"(anonymous_4)","decl":{"start":{"line":44,"column":2},"end":{"line":44,"column":7}},"loc":{"start":{"line":44,"column":93},"end":{"line":92,"column":3}}},"3":{"name":"(anonymous_5)","decl":{"start":{"line":94,"column":2},"end":{"line":94,"column":7}},"loc":{"start":{"line":94,"column":15},"end":{"line":112,"column":3}}},"4":{"name":"(anonymous_6)","decl":{"start":{"line":114,"column":2},"end":{"line":114,"column":7}},"loc":{"start":{"line":114,"column":26},"end":{"line":127,"column":3}}},"5":{"name":"(anonymous_7)","decl":{"start":{"line":130,"column":2},"end":{"line":130,"column":7}},"loc":{"start":{"line":130,"column":37},"end":{"line":146,"column":3}}},"6":{"name":"(anonymous_8)","decl":{"start":{"line":148,"column":2},"end":{"line":148,"column":7}},"loc":{"start":{"line":148,"column":53},"end":{"line":175,"column":3}}},"7":{"name":"(anonymous_9)","decl":{"start":{"line":177,"column":2},"end":{"line":177,"column":7}},"loc":{"start":{"line":177,"column":63},"end":{"line":206,"column":3}}},"8":{"name":"(anonymous_10)","decl":{"start":{"line":208,"column":2},"end":{"line":208,"column":7}},"loc":{"start":{"line":208,"column":25},"end":{"line":217,"column":3}}},"9":{"name":"(anonymous_11)","decl":{"start":{"line":219,"column":2},"end":{"line":219,"column":7}},"loc":{"start":{"line":219,"column":87},"end":{"line":255,"column":3}}},"10":{"name":"(anonymous_12)","decl":{"start":{"line":257,"column":2},"end":{"line":257,"column":7}},"loc":{"start":{"line":257,"column":37},"end":{"line":271,"column":3}}},"11":{"name":"(anonymous_13)","decl":{"start":{"line":273,"column":2},"end":{"line":273,"column":7}},"loc":{"start":{"line":273,"column":32},"end":{"line":288,"column":3}}},"12":{"name":"(anonymous_14)","decl":{"start":{"line":290,"column":2},"end":{"line":290,"column":7}},"loc":{"start":{"line":290,"column":21},"end":{"line":320,"column":3}}}},"branchMap":{"0":{"loc":{"start":{"line":20,"column":4},"end":{"line":28,"column":5}},"type":"if","locations":[{"start":{"line":20,"column":4},"end":{"line":28,"column":5}}]},"1":{"loc":{"start":{"line":25,"column":6},"end":{"line":27,"column":7}},"type":"if","locations":[{"start":{"line":25,"column":6},"end":{"line":27,"column":7}}]},"2":{"loc":{"start":{"line":52,"column":4},"end":{"line":54,"column":5}},"type":"if","locations":[{"start":{"line":52,"column":4},"end":{"line":54,"column":5}}]},"3":{"loc":{"start":{"line":56,"column":4},"end":{"line":58,"column":5}},"type":"if","locations":[{"start":{"line":56,"column":4},"end":{"line":58,"column":5}}]},"4":{"loc":{"start":{"line":61,"column":4},"end":{"line":69,"column":5}},"type":"if","locations":[{"start":{"line":61,"column":4},"end":{"line":69,"column":5}}]},"5":{"loc":{"start":{"line":66,"column":6},"end":{"line":68,"column":7}},"type":"if","locations":[{"start":{"line":66,"column":6},"end":{"line":68,"column":7}}]},"6":{"loc":{"start":{"line":122,"column":4},"end":{"line":124,"column":5}},"type":"if","locations":[{"start":{"line":122,"column":4},"end":{"line":124,"column":5}}]},"7":{"loc":{"start":{"line":184,"column":4},"end":{"line":192,"column":5}},"type":"if","locations":[{"start":{"line":184,"column":4},"end":{"line":192,"column":5}}]},"8":{"loc":{"start":{"line":189,"column":6},"end":{"line":191,"column":7}},"type":"if","locat
[...]
,"/Users/douglasmelere/Documents/Programming/pagluz-backend-new/src/scripts/seed-representatives.ts": {"path":"/Users/douglasmelere/Documents/Programming/pagluz-backend-new/src/scripts/seed-representatives.ts","statementMap":{"0":{"start":{"line":1,"column":0},"end":{"line":1,"column":68}},"1":{"start":{"line":2,"column":0},"end":{"line":2,"column":35}},"2":{"start":{"line":4,"column":15},"end":{"line":4,"column":33}},"3":{"start":{"line":7,"column":2},"end":{"line":7,"column":56}},"4":{"start":{"line":10,"column":26},"end":{"line":50,"column":4}},"5":{"start":{"line":52,"column":2},"end":{"line":74,"column":3}},"6":{"start":{"line":54,"column":24},"end":{"line":56,"column":6}},"7":{"start":{"line":58,"column":4},"end":{"line":73,"column":5}},"8":{"start":{"line":60,"column":29},"end":{"line":60,"column":68}},"9":{"start":{"line":63,"column":29},"end":{"line":68,"column":8}},"10":{"start":{"line":70,"column":6},"end":{"line":70,"column":94}},"11":{"start":{"line":72,"column":6},"end":{"line":72,"column":85}},"12":{"start":{"line":76,"column":2},"end":{"line":76,"column":54}},"13":{"start":{"line":79,"column":0},"end":{"line":86,"column":5}},"14":{"start":{"line":81,"column":4},"end":{"line":81,"column":47}},"15":{"start":{"line":82,"column":4},"end":{"line":82,"column":20}},"16":{"start":{"line":85,"column":4},"end":{"line":85,"column":31}}},"fnMap":{"0":{"name":"main","decl":{"start":{"line":6,"column":15},"end":{"line":6,"column":19}},"loc":{"start":{"line":6,"column":19},"end":{"line":77,"column":1}}},"1":{"name":"(anonymous_1)","decl":{"start":{"line":80,"column":9},"end":{"line":80,"column":10}},"loc":{"start":{"line":80,"column":15},"end":{"line":83,"column":3}}},"2":{"name":"(anonymous_2)","decl":{"start":{"line":84,"column":11},"end":{"line":84,"column":16}},"loc":{"start":{"line":84,"column":22},"end":{"line":86,"column":3}}}},"branchMap":{"0":{"loc":{"start":{"line":58,"column":4},"end":{"line":73,"column":5}},"type":"if","locations":[{"start":{"line":58,"column":4},"end":{"line":73,"column":5}},{"start":{"line":71,"column":11},"end":{"line":73,"column":5}}]}},"s":{"0":0,"1":0,"2":0,"3":0,"4":0,"5":0,"6":0,"7":0,"8":0,"9":0,"10":0,"11":0,"12":0,"13":0,"14":0,"15":0,"16":0},"f":{"0":0,"1":0,"2":0},"b":{"0":[0,0]}}
,"/Users/douglasmelere/Documents/Programming/pagluz-backend-new/src/scripts/seed.ts": {"path":"/Users/douglasmelere/Documents/Programming/pagluz-backend-new/src/scripts/seed.ts","statementMap":{"0":{"start":{"line":1,"column":0},"end":{"line":1,"column":46}},"1":{"start":{"line":2,"column":0},"end":{"line":2,"column":35}},"2":{"start":{"line":4,"column":15},"end":{"line":4,"column":33}},"3":{"start":{"line":7,"column":2},"end":{"line":7,"column":56}},"4":{"start":{"line":10,"column":21},"end":{"line":10,"column":46}},"5":{"start":{"line":11,"column":24},"end":{"line":11,"column":40}},"6":{"start":{"line":14,"column":24},"end":{"line":16,"column":4}},"7":{"start":{"line":18,"column":2},"end":{"line":34,"column":3}},"8":{"start":{"line":19,"column":4},"end":{"line":19,"column":53}},"9":{"start":{"line":22,"column":27},"end":{"line":22,"column":63}},"10":{"start":{"line":24,"column":18},"end":{"line":31,"column":6}},"11":{"start":{"line":33,"column":4},"end":{"line":33,"column":64}},"12":{"start":{"line":36,"column":2},"end":{"line":36,"column":48}},"13":{"start":{"line":39,"column":0},"end":{"line":46,"column":5}},"14":{"start":{"line":41,"column":4},"end":{"line":41,"column":47}},"15":{"start":{"line":42,"column":4},"end":{"line":42,"column":20}},"16":{"start":{"line":45,"column":4},"end":{"line":45,"column":31}}},"fnMap":{"0":{"name":"main","decl":{"start":{"line":6,"column":15},"end":{"line":6,"column":19}},"loc":{"start":{"line":6,"column":19},"end":{"line":37,"column":1}}},"1":{"name":"(anonymous_1)","decl":{"start":{"line":40,"column":9},"end":{"line":40,"column":10}},"loc":{"start":{"line":40,"column":15},"end":{"line":43,"column":3}}},"2":{"name":"(anonymous_2)","decl":{"start":{"line":44,"column":11},"end":{"line":44,"column":16}},"loc":{"start":{"line":44,"column":22},"end":{"line":46,"column":3}}}},"branchMap":{"0":{"loc":{"start":{"line":18,"column":2},"end":{"line":34,"column":3}},"type":"if","locations":[{"start":{"line":18,"column":2},"end":{"line":34,"column":3}},{"start":{"line":20,"column":9},"end":{"line":34,"column":3}}]}},"s":{"0":0,"1":0,"2":0,"3":0,"4":0,"5":0,"6":0,"7":0,"8":0,"9":0,"10":0,"11":0,"12":0,"13":0,"14":0,"15":0,"16":0},"f":{"0":0,"1":0,"2":0},"b":{"0":[0,0]}}
,"/Users/douglasmelere/Documents/Programming/pagluz-backend-new/src/scripts/setup-super-admin.ts": {"path":"/Users/douglasmelere/Documents/Programming/pagluz-backend-new/src/scripts/setup-super-admin.ts","statementMap":{"0":{"start":{"line":1,"column":0},"end":{"line":1,"column":46}},"1":{"start":{"line":2,"column":0},"end":{"line":2,"column":35}},"2":{"start":{"line":4,"column":15},"end":{"line":4,"column":33}},"3":{"start":{"line":7,"column":2},"end":{"line":55,"column":3}},"4":{"start":{"line":8,"column":4},"end":{"line":8,"column":60}},"5":{"start":{"line":11,"column":31},"end":{"line":13,"column":6}},"6":{"start":{"line":15,"column":4},"end":{"line":18,"column":5}},"7":{"start":{"line":16,"column":6},"end":{"line":16,"column":72}},"8":{"start":{"line":17,"column":6},"end":{"line":17,"column":32}},"9":{"start":{"line":21,"column":27},"end":{"line":21,"column":60}},"10":{"start":{"line":23,"column":23},"end":{"line":41,"column":6}},"11":{"start":{"line":43,"column":4},"end":{"line":43,"column":54}},"12":{"start":{"line":44,"column":4},"end":{"line":44,"column":47}},"13":{"start":{"line":45,"column":4},"end":{"line":45,"column":38}},"14":{"start":{"line":46,"column":4},"end":{"line":46,"column":73}},"15":{"start":{"line":48,"column":4},"end":{"line":48,"column":22}},"16":{"start":{"line":51,"column":4},"end":{"line":51,"column":62}},"17":{"start":{"line":52,"column":4},"end":{"line":52,"column":16}},"18":{"start":{"line":54,"column":4},"end":{"line":54,"column":31}},"19":{"start":{"line":58,"column":0},"end":{"line":58,"column":18}}},"fnMap":{"0":{"name":"setupSuperAdmin","decl":{"start":{"line":6,"column":15},"end":{"line":6,"column":30}},"loc":{"start":{"line":6,"column":30},"end":{"line":56,"column":1}}}},"branchMap":{"0":{"loc":{"start":{"line":15,"column":4},"end":{"line":18,"column":5}},"type":"if","locations":[{"start":{"line":15,"column":4},"end":{"line":18,"column":5}}]}},"s":{"0":0,"1":0,"2":0,"3":0,"4":0,"5":0,"6":0,"7":0,"8":0,"9":0,"10":0,"11":0,"12":0,"13":0,"14":0,"15":0,"16":0,"17":0,"18":0,"19":0},"f":{"0":0},"b":{"0":[0]}}
,"/Users/douglasmelere/Documents/Programming/pagluz-backend-new/src/test/auth.e2e-spec.ts": {"path":"/Users/douglasmelere/Documents/Programming/pagluz-backend-new/src/test/auth.e2e-spec.ts","statementMap":{"0":{"start":{"line":1,"column":0},"end":{"line":1,"column":54}},"1":{"start":{"line":3,"column":0},"end":{"line":3,"column":37}},"2":{"start":{"line":4,"column":0},"end":{"line":4,"column":42}},"3":{"start":{"line":6,"column":0},"end":{"line":104,"column":3}},"4":{"start":{"line":10,"column":2},"end":{"line":17,"column":5}},"5":{"start":{"line":11,"column":41},"end":{"line":13,"column":16}},"6":{"start":{"line":15,"column":4},"end":{"line":15,"column":48}},"7":{"start":{"line":16,"column":4},"end":{"line":16,"column":21}},"8":{"start":{"line":19,"column":2},"end":{"line":21,"column":5}},"9":{"start":{"line":20,"column":4},"end":{"line":20,"column":22}},"10":{"start":{"line":23,"column":2},"end":{"line":59,"column":5}},"11":{"start":{"line":24,"column":4},"end":{"line":38,"column":7}},"12":{"start":{"line":25,"column":6},"end":{"line":37,"column":11}},"13":{"start":{"line":33,"column":10},"end":{"line":33,"column":54}},"14":{"start":{"line":34,"column":10},"end":{"line":34,"column":46}},"15":{"start":{"line":35,"column":10},"end":{"line":35,"column":57}},"16":{"start":{"line":36,"column":10},"end":{"line":36,"column":44}},"17":{"start":{"line":40,"column":4},"end":{"line":48,"column":7}},"18":{"start":{"line":41,"column":6},"end":{"line":47,"column":21}},"19":{"start":{"line":50,"column":4},"end":{"line":58,"column":7}},"20":{"start":{"line":51,"column":6},"end":{"line":57,"column":21}},"21":{"start":{"line":61,"column":2},"end":{"line":85,"column":5}},"22":{"start":{"line":62,"column":4},"end":{"line":71,"column":7}},"23":{"start":{"line":63,"column":6},"end":{"line":70,"column":11}},"24":{"start":{"line":68,"column":10},"end":{"line":68,"column":60}},"25":{"start":{"line":69,"column":10},"end":{"line":69,"column":52}},"26":{"start":{"line":73,"column":4},"end":{"line":77,"column":7}},"27":{"start":{"line":74,"column":6},"end":{"line":76,"column":21}},"28":{"start":{"line":79,"column":4},"end":{"line":84,"column":7}},"29":{"start":{"line":80,"column":6},"end":{"line":83,"column":21}},"30":{"start":{"line":87,"column":2},"end":{"line":103,"column":5}},"31":{"start":{"line":88,"column":4},"end":{"line":96,"column":7}},"32":{"start":{"line":89,"column":6},"end":{"line":95,"column":11}},"33":{"start":{"line":94,"column":10},"end":{"line":94,"column":72}},"34":{"start":{"line":98,"column":4},"end":{"line":102,"column":7}},"35":{"start":{"line":99,"column":6},"end":{"line":101,"column":21}}},"fnMap":{"0":{"name":"(anonymous_0)","decl":{"start":{"line":6,"column":33},"end":{"line":6,"column":36}},"loc":{"start":{"line":6,"column":38},"end":{"line":104,"column":1}}},"1":{"name":"(anonymous_1)","decl":{"start":{"line":10,"column":12},"end":{"line":10,"column":17}},"loc":{"start":{"line":10,"column":23},"end":{"line":17,"column":3}}},"2":{"name":"(anonymous_2)","decl":{"start":{"line":19,"column":11},"end":{"line":19,"column":16}},"loc":{"start":{"line":19,"column":22},"end":{"line":21,"column":3}}},"3":{"name":"(anonymous_3)","decl":{"start":{"line":23,"column":33},"end":{"line":23,"column":36}},"loc":{"start":{"line":23,"column":38},"end":{"line":59,"column":3}}},"4":{"name":"(anonymous_4)","decl":{"start":{"line":24,"column":46},"end":{"line":24,"column":49}},"loc":{"start":{"line":24,"column":51},"end":{"line":38,"column":5}}},"5":{"name":"(anonymous_5)","decl":{"start":{"line":32,"column":16},"end":{"line":32,"column":17}},"loc":{"start":{"line":32,"column":24},"end":{"line":37,"column":9}}},"6":{"name":"(anonymous_6)","decl":{"start":{"line":40,"column":44},"end":{"line":40,"column":47}},"loc":{"start":{"line":40,"column":49},"end":{"line":48,"column":5}}},"7":{"name":"(anonymous_7)","decl":{"start":{"line":50,"column":42},"end":{"line":50,"column":45}},"loc":{"start":{"line":50,"column":47},"end":{"line":58,"column":5}}},"8":{"name":"(anonymous_8)","decl":{"start":{"line":61,"column":34},"end":{"line":61,"column":37}},"loc":{"start":{"line":61,"column":39},"end":{"line":85,"column":3}}},"9":{"name":"(anonymous_9)","decl":{"start":{"line":62,"column":51},"end":{"line":62,"column":54}},"loc":{"start":{"line":62,"column":56},"end":{"line":71,"column":5}}},"10":{"name":"(anonymous_10)","decl":{"start":{"line":67,"column":16},"end":{"line":67,"column":17}},"loc":{"start":{"line":67,"column":24},"end":{"line":70,"column":9}}},"11":{"name":"(anonymous_11)","decl":{"start":{"line":73,"column":46},"end":{"line":73,"column":49}},"loc":{"start":{"line":73,"column":51},"end":{"line":77,"column":5}}},"12":{"name":"(anonymous_12)","decl":{"start":{"line":79,"column":51},"end":{"line":79,"column":54}},"loc":{"start":{"line":79,"column":56},"end":{"line":84,"column":5}}},"13":{"name":"(anonymous_13)","decl":{"start":{"line":87,"column":34},"end":{"line":87,"column":37}},"loc":{"start":{"line":87,"column":39},"end":{"line":103,"column":3}}},"14":{"name":"(anonymous_14)","decl":{"start":{"line":88,"column":37},"end":{"line":88,"column":40}},"loc":{"start":{"line":88,"column":42},"end":{"line":96,"column":5}}},"15":{"name":"(anonymous_15)","decl":{"start":{"line":93,"column":16},"end":{"line":93,"column":17}},"loc":{"start":{"line":93,"column":24},"end":{"line":95,"column":9}}},"16":{"name":"(anonymous_16)","decl":{"start":{"line":98,"column":45},"end":{"line":98,"column":48}},"loc":{"start":{"line":98,"column":50},"end":{"line":102,"column":5}}}},"branchMap":{},"s":{"0":0,"1":0,"2":0,"3":0,"4":0,"5":0,"6":0,"7":0,"8":0,"9":0,"10":0,"11":0,"12":0,"13":0,"14":0,"15":0,"16":0,"17":0,"18":0,"19":0,"20":0,"21":0,"22":0,"23":0,"24":0,"25":0,"26":0,"27":0,"28":0,"29":0,"30":0,"31":0,"32":0,"33":0,"34":0,"35":0},"f":{"0":0,"1":0,"2":0,"3":0,"4":0,"5":0,"6":0,"7":0,"8":0,"9":0,"10":0,"11":0,"12":0,"13":0,"14":0,"15":0,"16":0},"b":{}}
,"/Users/douglasmelere/Documents/Programming/pagluz-backend-new/src/test/representatives.e2e-spec.ts": {"path":"/Users/douglasmelere/Documents/Programming/pagluz-backend-new/src/test/representatives.e2e-spec.ts","statementMap":{"0":{"start":{"line":1,"column":0},"end":{"line":1,"column":54}},"1":{"start":{"line":3,"column":0},"end":{"line":3,"column":37}},"2":{"start":{"line":4,"column":0},"end":{"line":4,"column":42}},"3":{"start":{"line":6,"column":0},"end":{"line":135,"column":3}},"4":{"start":{"line":11,"column":2},"end":{"line":28,"column":5}},"5":{"start":{"line":12,"column":41},"end":{"line":14,"column":16}},"6":{"start":{"line":16,"column":4},"end":{"line":16,"column":48}},"7":{"start":{"line":17,"column":4},"end":{"line":17,"column":21}},"8":{"start":{"line":20,"column":26},"end":{"line":25,"column":8}},"9":{"start":{"line":27,"column":4},"end":{"line":27,"column":48}},"10":{"start":{"line":30,"column":2},"end":{"line":32,"column":5}},"11":{"start":{"line":31,"column":4},"end":{"line":31,"column":22}},"12":{"start":{"line":34,"column":2},"end":{"line":75,"column":5}},"13":{"start":{"line":35,"column":4},"end":{"line":58,"column":7}},"14":{"start":{"line":36,"column":6},"end":{"line":57,"column":11}},"15":{"start":{"line":53,"column":10},"end":{"line":53,"column":44}},"16":{"start":{"line":54,"column":10},"end":{"line":54,"column":51}},"17":{"start":{"line":55,"column":10},"end":{"line":55,"column":64}},"18":{"start":{"line":56,"column":10},"end":{"line":56,"column":41}},"19":{"start":{"line":60,"column":4},"end":{"line":74,"column":7}},"20":{"start":{"line":61,"column":6},"end":{"line":73,"column":21}},"21":{"start":{"line":77,"column":2},"end":{"line":88,"column":5}},"22":{"start":{"line":78,"column":4},"end":{"line":87,"column":7}},"23":{"start":{"line":79,"column":6},"end":{"line":86,"column":11}},"24":{"start":{"line":84,"column":10},"end":{"line":84,"column":53}},"25":{"start":{"line":85,"column":10},"end":{"line":85,"column":53}},"26":{"start":{"line":90,"column":2},"end":{"line":108,"column":5}},"27":{"start":{"line":91,"column":4},"end":{"line":100,"column":7}},"28":{"start":{"line":92,"column":6},"end":{"line":99,"column":11}},"29":{"start":{"line":97,"column":10},"end":{"line":97,"column":53}},"30":{"start":{"line":98,"column":10},"end":{"line":98,"column":51}},"31":{"start":{"line":102,"column":4},"end":{"line":107,"column":7}},"32":{"start":{"line":103,"column":6},"end":{"line":106,"column":21}},"33":{"start":{"line":110,"column":2},"end":{"line":125,"column":5}},"34":{"start":{"line":111,"column":4},"end":{"line":124,"column":7}},"35":{"start":{"line":112,"column":6},"end":{"line":123,"column":11}},"36":{"start":{"line":121,"column":10},"end":{"line":121,"column":62}},"37":{"start":{"line":122,"column":10},"end":{"line":122,"column":52}},"38":{"start":{"line":127,"column":2},"end":{"line":134,"column":5}},"39":{"start":{"line":128,"column":4},"end":{"line":133,"column":7}},"40":{"start":{"line":129,"column":6},"end":{"line":132,"column":21}}},"fnMap":{"0":{"name":"(anonymous_0)","decl":{"start":{"line":6,"column":34},"end":{"line":6,"column":37}},"loc":{"start":{"line":6,"column":39},"end":{"line":135,"column":1}}},"1":{"name":"(anonymous_1)","decl":{"start":{"line":11,"column":12},"end":{"line":11,"column":17}},"loc":{"start":{"line":11,"column":23},"end":{"line":28,"column":3}}},"2":{"name":"(anonymous_2)","decl":{"start":{"line":30,"column":11},"end":{"line":30,"column":16}},"loc":{"start":{"line":30,"column":22},"end":{"line":32,"column":3}}},"3":{"name":"(anonymous_3)","decl":{"start":{"line":34,"column":38},"end":{"line":34,"column":41}},"loc":{"start":{"line":34,"column":43},"end":{"line":75,"column":3}}},"4":{"name":"(anonymous_4)","decl":{"start":{"line":35,"column":45},"end":{"line":35,"column":48}},"loc":{"start":{"line":35,"column":50},"end":{"line":58,"column":5}}},"5":{"name":"(anonymous_5)","decl":{"start":{"line":52,"column":16},"end":{"line":52,"column":17}},"loc":{"start":{"line":52,"column":24},"end":{"line":57,"column":9}}},"6":{"name":"(anonymous_6)","decl":{"start":{"line":60,"column":40},"end":{"line":60,"column":43}},"loc":{"start":{"line":60,"column":45},"end":{"line":74,"column":5}}},"7":{"name":"(anonymous_7)","decl":{"start":{"line":77,"column":37},"end":{"line":77,"column":40}},"loc":{"start":{"line":77,"column":42},"end":{"line":88,"column":3}}},"8":{"name":"(anonymous_8)","decl":{"start":{"line":78,"column":42},"end":{"line":78,"column":45}},"loc":{"start":{"line":78,"column":47},"end":{"line":87,"column":5}}},"9":{"name":"(anonymous_9)","decl":{"start":{"line":83,"column":16},"end":{"line":83,"column":17}},"loc":{"start":{"line":83,"column":24},"end":{"line":86,"column":9}}},"10":{"name":"(anonymous_10)","decl":{"start":{"line":90,"column":41},"end":{"line":90,"column":44}},"loc":{"start":{"line":90,"column":46},"end":{"line":108,"column":3}}},"11":{"name":"(anonymous_11)","decl":{"start":{"line":91,"column":42},"end":{"line":91,"column":45}},"loc":{"start":{"line":91,"column":47},"end":{"line":100,"column":5}}},"12":{"name":"(anonymous_12)","decl":{"start":{"line":96,"column":16},"end":{"line":96,"column":17}},"loc":{"start":{"line":96,"column":24},"end":{"line":99,"column":9}}},"13":{"name":"(anonymous_13)","decl":{"start":{"line":102,"column":60},"end":{"line":102,"column":63}},"loc":{"start":{"line":102,"column":65},"end":{"line":107,"column":5}}},"14":{"name":"(anonymous_14)","decl":{"start":{"line":110,"column":43},"end":{"line":110,"column":46}},"loc":{"start":{"line":110,"column":48},"end":{"line":125,"column":3}}},"15":{"name":"(anonymous_15)","decl":{"start":{"line":111,"column":39},"end":{"line":111,"column":42}},"loc":{"start":{"line":111,"column":44},"end":{"line":124,"column":5}}},"16":{"name":"(anonymous_16)","decl":{"start":{"line":120,"column":16},"end":{"line":120,"column":17}},"loc":{"start":{"line":120,"column":24},"end":{"line":123,"column":9}}},"17":{"name":"(anonymous_17)","decl":{"start":{"line":127,"column":44},"end":{"line":127,"column":47}},"loc":{"start":{"line":127,"column":49},"end":{"line":134,"column":3}}},"18":{"name":"(anonymous_18)","decl":{"start":{"line":128,"column":39},"end":{"line":128,"column":42}},"loc":{"start":{"line":128,"column":44},"end":{"line":133,"column":5}}}},"branchMap":{},"s":{"0":0,"1":0,"2":0,"3":0,"4":0,"5":0,"6":0,"7":0,"8":0,"9":0,"10":0,"11":0,"12":0,"13":0,"14":0,"15":0,"16":0,"17":0,"18":0,"19":0,"20":0,"21":0,"22":0,"23":0,"24":0,"25":0,"26":0,"27":0,"28":0,"29":0,"30":0,"31":0,"32":0,"33":0,"34":0,"35":0,"36":0,"37":0,"38":0,"39":0,"40":0},"f":{"0":0,"1":0,"2":0,"3":0,"4":0,"5":0,"6":0,"7":0,"8":0,"9":0,"10":0,"11":0,"12":0,"13":0,"14":0,"15":0,"16":0,"17":0,"18":0},"b":{}}
}
