TN:
SF:src/app.controller.ts
FN:6,(anonymous_2)
FN:9,(anonymous_3)
FNF:2
FNH:2
FNDA:1,(anonymous_2)
FNDA:1,(anonymous_3)
DA:1,1
DA:2,1
DA:5,1
DA:6,1
DA:9,1
DA:10,1
LF:6
LH:6
BRF:0
BRH:0
end_of_record
TN:
SF:src/app.module.ts
FNF:0
FNH:0
DA:1,0
DA:2,0
DA:3,0
DA:4,0
DA:5,0
DA:6,0
DA:7,0
DA:8,0
DA:9,0
DA:10,0
DA:11,0
DA:12,0
DA:13,0
DA:14,0
DA:15,0
DA:38,0
LF:16
LH:0
BRF:0
BRH:0
end_of_record
TN:
SF:src/app.service.ts
FN:5,(anonymous_1)
FNF:1
FNH:1
FNDA:1,(anonymous_1)
DA:1,1
DA:4,1
DA:6,1
LF:3
LH:3
BRF:0
BRH:0
end_of_record
TN:
SF:src/main.ts
FN:6,bootstrap
FNF:1
FNH:0
FNDA:0,bootstrap
DA:1,0
DA:2,0
DA:3,0
DA:4,0
DA:7,0
DA:10,0
DA:19,0
DA:26,0
DA:32,0
DA:33,0
DA:36,0
DA:37,0
DA:38,0
DA:40,0
LF:14
LH:0
BRDA:36,0,0,0
BRDA:36,0,1,0
BRF:2
BRH:0
end_of_record
TN:
SF:src/common/decorators/current-user.decorator.ts
FN:4,(anonymous_0)
FNF:1
FNH:0
FNDA:0,(anonymous_0)
DA:1,0
DA:3,0
DA:5,0
DA:6,0
LF:4
LH:0
BRF:0
BRH:0
end_of_record
TN:
SF:src/common/guards/blacklist-auth.guard.ts
FN:6,(anonymous_2)
FN:8,(anonymous_3)
FNF:2
FNH:0
FNDA:0,(anonymous_2)
FNDA:0,(anonymous_3)
DA:1,0
DA:2,0
DA:5,0
DA:6,0
DA:9,0
DA:10,0
DA:12,0
DA:13,0
DA:17,0
DA:18,0
DA:19,0
DA:22,0
LF:12
LH:0
BRDA:12,0,0,0
BRDA:18,1,0,0
BRF:2
BRH:0
end_of_record
TN:
SF:src/common/guards/hierarchy-auth.guard.ts
FN:6,(anonymous_2)
FN:10,(anonymous_3)
FN:15,(anonymous_4)
FN:51,(anonymous_5)
FNF:4
FNH:0
FNDA:0,(anonymous_2)
FNDA:0,(anonymous_3)
FNDA:0,(anonymous_4)
FNDA:0,(anonymous_5)
DA:1,0
DA:2,0
DA:3,0
DA:5,0
DA:6,0
DA:9,0
DA:11,0
DA:12,0
DA:16,0
DA:18,0
DA:19,0
DA:22,0
DA:23,0
DA:25,0
DA:26,0
DA:30,0
DA:35,0
DA:36,0
DA:39,0
DA:40,0
DA:44,0
DA:45,0
DA:48,0
DA:52,0
DA:60,0
LF:25
LH:0
BRDA:18,0,0,0
BRDA:25,1,0,0
BRDA:35,2,0,0
BRDA:35,3,0,0
BRDA:35,3,1,0
BRDA:39,4,0,0
BRDA:39,5,0,0
BRDA:39,5,1,0
BRDA:44,6,0,0
BRF:9
BRH:0
end_of_record
TN:
SF:src/common/guards/jwt-auth.guard.ts
FN:7,(anonymous_2)
FN:11,(anonymous_3)
FN:35,(anonymous_4)
FN:40,(anonymous_5)
FN:48,(anonymous_6)
FNF:5
FNH:0
FNDA:0,(anonymous_2)
FNDA:0,(anonymous_3)
FNDA:0,(anonymous_4)
FNDA:0,(anonymous_5)
FNDA:0,(anonymous_6)
DA:1,0
DA:2,0
DA:3,0
DA:6,0
DA:7,0
DA:8,0
DA:12,0
DA:13,0
DA:15,0
DA:16,0
DA:19,0
DA:21,0
DA:24,0
DA:25,0
DA:26,0
DA:27,0
DA:29,0
DA:31,0
DA:36,0
DA:37,0
DA:41,0
DA:49,0
LF:22
LH:0
BRDA:15,0,0,0
BRDA:36,1,0,0
BRDA:36,1,1,0
BRDA:37,2,0,0
BRDA:37,2,1,0
BRDA:41,3,0,0
BRDA:41,3,1,0
BRDA:41,3,2,0
BRDA:41,3,3,0
BRDA:41,3,4,0
BRDA:49,4,0,0
BRDA:49,4,1,0
BRF:12
BRH:0
end_of_record
TN:
SF:src/common/guards/local-auth.guard.ts
FNF:0
FNH:0
DA:1,0
DA:2,0
DA:5,0
LF:3
LH:0
BRF:0
BRH:0
end_of_record
TN:
SF:src/common/guards/representative-auth.guard.ts
FN:7,(anonymous_2)
FN:9,(anonymous_3)
FNF:2
FNH:0
FNDA:0,(anonymous_2)
FNDA:0,(anonymous_3)
DA:1,0
DA:3,0
DA:6,0
DA:7,0
DA:10,0
DA:14,0
DA:15,0
DA:20,0
DA:21,0
DA:24,0
DA:31,0
DA:33,0
LF:12
LH:0
BRDA:20,0,0,0
BRF:1
BRH:0
end_of_record
TN:
SF:src/common/services/audit.service.ts
FN:18,(anonymous_2)
FN:20,(anonymous_3)
FN:41,(anonymous_4)
FN:53,(anonymous_5)
FN:65,(anonymous_6)
FN:77,(anonymous_7)
FN:90,(anonymous_8)
FN:102,(anonymous_9)
FNF:8
FNH:0
FNDA:0,(anonymous_2)
FNDA:0,(anonymous_3)
FNDA:0,(anonymous_4)
FNDA:0,(anonymous_5)
FNDA:0,(anonymous_6)
FNDA:0,(anonymous_7)
FNDA:0,(anonymous_8)
FNDA:0,(anonymous_9)
DA:1,0
DA:2,0
DA:17,0
DA:18,0
DA:21,0
DA:22,0
DA:37,0
DA:42,0
DA:54,0
DA:66,0
DA:78,0
DA:91,0
DA:103,0
LF:13
LH:0
BRDA:28,0,0,0
BRDA:28,0,1,0
BRDA:29,1,0,0
BRDA:29,1,1,0
BRDA:32,2,0,0
BRDA:32,2,1,0
BRF:6
BRH:0
end_of_record
TN:
SF:src/common/services/logout.service.ts
FN:8,(anonymous_2)
FN:13,(anonymous_3)
FN:50,(anonymous_4)
FN:75,(anonymous_5)
FN:102,(anonymous_6)
FN:120,(anonymous_7)
FN:135,(anonymous_8)
FNF:7
FNH:0
FNDA:0,(anonymous_2)
FNDA:0,(anonymous_3)
FNDA:0,(anonymous_4)
FNDA:0,(anonymous_5)
FNDA:0,(anonymous_6)
FNDA:0,(anonymous_7)
FNDA:0,(anonymous_8)
DA:1,0
DA:2,0
DA:3,0
DA:4,0
DA:7,0
DA:9,0
DA:10,0
DA:14,0
DA:16,0
DA:19,0
DA:20,0
DA:23,0
DA:33,0
DA:36,0
DA:43,0
DA:45,0
DA:46,0
DA:51,0
DA:52,0
DA:53,0
DA:54,0
DA:56,0
DA:66,0
DA:68,0
DA:70,0
DA:71,0
DA:76,0
DA:77,0
DA:79,0
DA:83,0
DA:84,0
DA:88,0
DA:89,0
DA:92,0
DA:95,0
DA:97,0
DA:98,0
DA:103,0
DA:104,0
DA:112,0
DA:113,0
DA:115,0
DA:116,0
DA:121,0
DA:122,0
DA:123,0
DA:124,0
DA:127,0
DA:128,0
DA:129,0
DA:131,0
DA:136,0
DA:138,0
DA:141,0
DA:148,0
DA:150,0
DA:151,0
LF:57
LH:0
BRDA:20,0,0,0
BRDA:20,0,1,0
BRDA:50,1,0,0
BRDA:54,2,0,0
BRDA:54,2,1,0
BRDA:83,3,0,0
BRDA:88,4,0,0
BRDA:123,5,0,0
BRDA:135,6,0,0
BRF:9
BRH:0
end_of_record
TN:
SF:src/config/config.module.ts
FNF:0
FNH:0
DA:1,0
DA:2,0
DA:3,0
DA:16,0
LF:4
LH:0
BRF:0
BRH:0
end_of_record
TN:
SF:src/config/prisma.service.ts
FN:6,(anonymous_1)
FN:10,(anonymous_2)
FNF:2
FNH:0
FNDA:0,(anonymous_1)
FNDA:0,(anonymous_2)
DA:1,0
DA:2,0
DA:5,0
DA:7,0
DA:11,0
LF:5
LH:0
BRF:0
BRH:0
end_of_record
TN:
SF:src/modules/audit/audit.controller.ts
FN:19,(anonymous_4)
FN:32,(anonymous_5)
FN:100,(anonymous_6)
FN:129,(anonymous_7)
FN:182,(anonymous_8)
FN:199,(anonymous_9)
FN:214,(anonymous_10)
FN:250,(anonymous_11)
FNF:8
FNH:0
FNDA:0,(anonymous_4)
FNDA:0,(anonymous_5)
FNDA:0,(anonymous_6)
FNDA:0,(anonymous_7)
FNDA:0,(anonymous_8)
FNDA:0,(anonymous_9)
FNDA:0,(anonymous_10)
FNDA:0,(anonymous_11)
DA:1,0
DA:10,0
DA:11,0
DA:12,0
DA:18,0
DA:19,0
DA:32,0
DA:43,0
DA:44,0
DA:47,0
DA:48,0
DA:49,0
DA:52,0
DA:54,0
DA:55,0
DA:58,0
DA:59,0
DA:62,0
DA:63,0
DA:66,0
DA:67,0
DA:68,0
DA:69,0
DA:71,0
DA:72,0
DA:77,0
DA:100,0
DA:114,0
DA:129,0
DA:131,0
DA:132,0
DA:141,0
DA:181,0
DA:183,0
DA:187,0
DA:197,0
DA:199,0
DA:214,0
DA:220,0
DA:221,0
DA:224,0
DA:225,0
DA:226,0
DA:228,0
DA:250,0
DA:263,0
LF:46
LH:0
BRDA:34,0,0,0
BRDA:35,1,0,0
BRDA:43,2,0,0
BRDA:47,3,0,0
BRDA:47,3,1,0
BRDA:48,4,0,0
BRDA:48,4,1,0
BRDA:54,5,0,0
BRDA:58,6,0,0
BRDA:62,7,0,0
BRDA:66,8,0,0
BRDA:66,9,0,0
BRDA:66,9,1,0
BRDA:68,10,0,0
BRDA:71,11,0,0
BRDA:131,12,0,0
BRDA:189,13,0,0
BRDA:189,13,1,0
BRDA:190,14,0,0
BRDA:190,14,1,0
BRDA:191,15,0,0
BRDA:191,15,1,0
BRDA:216,16,0,0
BRDA:217,17,0,0
BRDA:220,18,0,0
BRDA:224,19,0,0
BRDA:224,19,1,0
BRDA:225,20,0,0
BRDA:225,20,1,0
BRF:29
BRH:0
end_of_record
TN:
SF:src/modules/audit/audit.module.ts
FNF:0
FNH:0
DA:1,0
DA:2,0
DA:3,0
DA:4,0
DA:11,0
LF:5
LH:0
BRF:0
BRH:0
end_of_record
TN:
SF:src/modules/auth/auth.controller.ts
FN:22,(anonymous_4)
FN:32,(anonymous_5)
FN:63,(anonymous_6)
FN:96,(anonymous_7)
FN:111,(anonymous_8)
FN:121,(anonymous_9)
FN:148,(anonymous_10)
FN:168,(anonymous_11)
FN:176,(anonymous_12)
FNF:9
FNH:0
FNDA:0,(anonymous_4)
FNDA:0,(anonymous_5)
FNDA:0,(anonymous_6)
FNDA:0,(anonymous_7)
FNDA:0,(anonymous_8)
FNDA:0,(anonymous_9)
FNDA:0,(anonymous_10)
FNDA:0,(anonymous_11)
FNDA:0,(anonymous_12)
DA:1,0
DA:12,0
DA:13,0
DA:14,0
DA:15,0
DA:16,0
DA:17,0
DA:21,0
DA:23,0
DA:24,0
DA:25,0
DA:32,0
DA:33,0
DA:34,0
DA:37,0
DA:43,0
DA:46,0
DA:47,0
DA:55,0
DA:63,0
DA:64,0
DA:65,0
DA:68,0
DA:74,0
DA:77,0
DA:78,0
DA:86,0
DA:96,0
DA:97,0
DA:98,0
DA:99,0
DA:100,0
DA:102,0
DA:103,0
DA:111,0
DA:112,0
DA:121,0
DA:123,0
DA:124,0
DA:127,0
DA:130,0
DA:139,0
DA:148,0
DA:150,0
DA:151,0
DA:154,0
DA:157,0
DA:165,0
DA:169,0
DA:177,0
LF:50
LH:0
BRDA:46,0,0,0
BRDA:77,1,0,0
BRDA:123,2,0,0
BRDA:150,3,0,0
BRDA:169,4,0,0
BRDA:169,4,1,0
BRDA:169,4,2,0
BRDA:169,4,3,0
BRDA:169,4,4,0
BRDA:177,5,0,0
BRDA:177,5,1,0
BRF:11
BRH:0
end_of_record
TN:
SF:src/modules/auth/auth.module.ts
FN:19,(anonymous_1)
FNF:1
FNH:0
FNDA:0,(anonymous_1)
DA:1,0
DA:2,0
DA:3,0
DA:4,0
DA:5,0
DA:6,0
DA:7,0
DA:8,0
DA:9,0
DA:10,0
DA:11,0
DA:12,0
DA:19,0
DA:44,0
LF:14
LH:0
BRDA:20,0,0,0
BRDA:20,0,1,0
BRF:2
BRH:0
end_of_record
TN:
SF:src/modules/auth/auth.service.ts
FN:9,(anonymous_2)
FN:14,(anonymous_3)
FN:69,(anonymous_4)
FN:98,(anonymous_5)
FN:141,(anonymous_6)
FN:151,(anonymous_7)
FN:201,(anonymous_8)
FNF:7
FNH:0
FNDA:0,(anonymous_2)
FNDA:0,(anonymous_3)
FNDA:0,(anonymous_4)
FNDA:0,(anonymous_5)
FNDA:0,(anonymous_6)
FNDA:0,(anonymous_7)
FNDA:0,(anonymous_8)
DA:1,0
DA:2,0
DA:3,0
DA:5,0
DA:8,0
DA:10,0
DA:11,0
DA:15,0
DA:17,0
DA:18,0
DA:22,0
DA:23,0
DA:27,0
DA:28,0
DA:32,0
DA:33,0
DA:40,0
DA:48,0
DA:55,0
DA:70,0
DA:72,0
DA:73,0
DA:77,0
DA:78,0
DA:79,0
DA:82,0
DA:83,0
DA:86,0
DA:95,0
DA:99,0
DA:101,0
DA:102,0
DA:106,0
DA:107,0
DA:111,0
DA:119,0
DA:126,0
DA:142,0
DA:144,0
DA:145,0
DA:148,0
DA:152,0
DA:155,0
DA:156,0
DA:160,0
DA:164,0
DA:165,0
DA:169,0
DA:170,0
DA:171,0
DA:175,0
DA:178,0
DA:198,0
DA:203,0
DA:207,0
DA:208,0
DA:212,0
DA:214,0
DA:234,0
LF:59
LH:0
BRDA:17,0,0,0
BRDA:22,1,0,0
BRDA:27,2,0,0
BRDA:27,3,0,0
BRDA:27,3,1,0
BRDA:32,4,0,0
BRDA:72,5,0,0
BRDA:72,6,0,0
BRDA:72,6,1,0
BRDA:77,7,0,0
BRDA:82,8,0,0
BRDA:101,9,0,0
BRDA:106,10,0,0
BRDA:144,11,0,0
BRDA:144,12,0,0
BRDA:144,12,1,0
BRDA:155,13,0,0
BRDA:155,14,0,0
BRDA:155,14,1,0
BRDA:155,14,2,0
BRDA:155,14,3,0
BRDA:164,15,0,0
BRDA:170,16,0,0
BRDA:207,17,0,0
BRF:24
BRH:0
end_of_record
TN:
SF:src/modules/auth/dto/login.dto.ts
FNF:0
FNH:0
DA:1,0
DA:2,0
DA:4,0
DA:11,0
DA:19,0
LF:5
LH:0
BRF:0
BRH:0
end_of_record
TN:
SF:src/modules/auth/strategies/jwt.strategy.ts
FN:15,(anonymous_2)
FN:26,(anonymous_3)
FNF:2
FNH:0
FNDA:0,(anonymous_2)
FNDA:0,(anonymous_3)
DA:1,0
DA:2,0
DA:3,0
DA:4,0
DA:5,0
DA:14,0
DA:16,0
DA:17,0
DA:19,0
DA:27,0
DA:31,0
DA:32,0
DA:35,0
LF:13
LH:0
BRDA:22,0,0,0
BRDA:22,0,1,0
BRDA:31,1,0,0
BRF:3
BRH:0
end_of_record
TN:
SF:src/modules/auth/strategies/local.strategy.ts
FN:8,(anonymous_2)
FN:14,(anonymous_3)
FNF:2
FNH:0
FNDA:0,(anonymous_2)
FNDA:0,(anonymous_3)
DA:1,0
DA:2,0
DA:3,0
DA:4,0
DA:7,0
DA:8,0
DA:9,0
DA:15,0
DA:16,0
DA:17,0
DA:19,0
LF:11
LH:0
BRDA:16,0,0,0
BRF:1
BRH:0
end_of_record
TN:
SF:src/modules/consumers/consumers.controller.ts
FN:31,(anonymous_4)
FN:37,(anonymous_5)
FN:46,(anonymous_6)
FN:59,(anonymous_7)
FN:67,(anonymous_8)
FN:74,(anonymous_9)
FN:82,(anonymous_10)
FN:90,(anonymous_11)
FN:98,(anonymous_12)
FN:106,(anonymous_13)
FN:115,(anonymous_14)
FN:130,(anonymous_15)
FNF:12
FNH:0
FNDA:0,(anonymous_4)
FNDA:0,(anonymous_5)
FNDA:0,(anonymous_6)
FNDA:0,(anonymous_7)
FNDA:0,(anonymous_8)
FNDA:0,(anonymous_9)
FNDA:0,(anonymous_10)
FNDA:0,(anonymous_11)
FNDA:0,(anonymous_12)
FNDA:0,(anonymous_13)
FNDA:0,(anonymous_14)
FNDA:0,(anonymous_15)
DA:1,0
DA:13,0
DA:20,0
DA:21,0
DA:22,0
DA:23,0
DA:24,0
DA:30,0
DA:31,0
DA:37,0
DA:38,0
DA:46,0
DA:51,0
DA:52,0
DA:59,0
DA:60,0
DA:61,0
DA:67,0
DA:68,0
DA:74,0
DA:75,0
DA:82,0
DA:83,0
DA:90,0
DA:91,0
DA:98,0
DA:99,0
DA:106,0
DA:107,0
DA:115,0
DA:119,0
DA:130,0
DA:131,0
LF:33
LH:0
BRF:0
BRH:0
end_of_record
TN:
SF:src/modules/consumers/consumers.module.ts
FNF:0
FNH:0
DA:1,0
DA:2,0
DA:3,0
DA:4,0
DA:11,0
LF:5
LH:0
BRF:0
BRH:0
end_of_record
TN:
SF:src/modules/consumers/consumers.service.ts
FN:14,(anonymous_2)
FN:16,(anonymous_3)
FN:44,(anonymous_4)
FN:94,(anonymous_5)
FN:114,(anonymous_6)
FN:130,(anonymous_7)
FN:148,(anonymous_8)
FN:177,(anonymous_9)
FN:208,(anonymous_10)
FN:219,(anonymous_11)
FN:257,(anonymous_12)
FN:273,(anonymous_13)
FN:290,(anonymous_14)
FNF:13
FNH:0
FNDA:0,(anonymous_2)
FNDA:0,(anonymous_3)
FNDA:0,(anonymous_4)
FNDA:0,(anonymous_5)
FNDA:0,(anonymous_6)
FNDA:0,(anonymous_7)
FNDA:0,(anonymous_8)
FNDA:0,(anonymous_9)
FNDA:0,(anonymous_10)
FNDA:0,(anonymous_11)
FNDA:0,(anonymous_12)
FNDA:0,(anonymous_13)
FNDA:0,(anonymous_14)
DA:1,0
DA:7,0
DA:10,0
DA:13,0
DA:14,0
DA:17,0
DA:20,0
DA:21,0
DA:25,0
DA:26,0
DA:30,0
DA:41,0
DA:45,0
DA:48,0
DA:52,0
DA:53,0
DA:56,0
DA:57,0
DA:61,0
DA:62,0
DA:66,0
DA:67,0
DA:72,0
DA:91,0
DA:95,0
DA:111,0
DA:115,0
DA:122,0
DA:123,0
DA:126,0
DA:131,0
DA:145,0
DA:149,0
DA:174,0
DA:178,0
DA:181,0
DA:184,0
DA:185,0
DA:189,0
DA:190,0
DA:194,0
DA:205,0
DA:210,0
DA:212,0
DA:216,0
DA:220,0
DA:221,0
DA:225,0
DA:228,0
DA:232,0
DA:233,0
DA:237,0
DA:238,0
DA:242,0
DA:254,0
DA:259,0
DA:261,0
DA:270,0
DA:274,0
DA:287,0
DA:291,0
DA:292,0
DA:295,0
DA:299,0
DA:305,0
DA:312,0
LF:66
LH:0
BRDA:20,0,0,0
BRDA:25,1,0,0
BRDA:52,2,0,0
BRDA:56,3,0,0
BRDA:61,4,0,0
BRDA:66,5,0,0
BRDA:122,6,0,0
BRDA:184,7,0,0
BRDA:189,8,0,0
BRDA:220,9,0,0
BRDA:220,10,0,0
BRDA:220,10,1,0
BRDA:232,11,0,0
BRDA:237,12,0,0
BRDA:316,13,0,0
BRDA:316,13,1,0
BRDA:317,14,0,0
BRDA:317,14,1,0
BRF:18
BRH:0
end_of_record
TN:
SF:src/modules/consumers/dto/create-consumer.dto.ts
FNF:0
FNH:0
DA:1,0
DA:2,0
DA:11,0
DA:13,0
DA:20,0
DA:28,0
DA:36,0
DA:44,0
DA:52,0
DA:60,0
DA:68,0
DA:76,0
DA:84,0
DA:93,0
DA:103,0
DA:114,0
DA:123,0
DA:132,0
LF:18
LH:0
BRF:0
BRH:0
end_of_record
TN:
SF:src/modules/consumers/dto/update-consumer.dto.ts
FNF:0
FNH:0
DA:1,0
DA:2,0
DA:4,0
LF:3
LH:0
BRF:0
BRH:0
end_of_record
TN:
SF:src/modules/dashboard/dashboard.controller.ts
FN:16,(anonymous_2)
FN:96,(anonymous_3)
FN:109,(anonymous_4)
FN:122,(anonymous_5)
FNF:4
FNH:0
FNDA:0,(anonymous_2)
FNDA:0,(anonymous_3)
FNDA:0,(anonymous_4)
FNDA:0,(anonymous_5)
DA:1,0
DA:2,0
DA:8,0
DA:9,0
DA:15,0
DA:16,0
DA:96,0
DA:97,0
DA:109,0
DA:110,0
DA:122,0
DA:123,0
LF:12
LH:0
BRF:0
BRH:0
end_of_record
TN:
SF:src/modules/dashboard/dashboard.module.ts
FNF:0
FNH:0
DA:1,0
DA:2,0
DA:3,0
DA:4,0
DA:5,0
DA:6,0
DA:7,0
DA:15,0
LF:8
LH:0
BRF:0
BRH:0
end_of_record
TN:
SF:src/modules/dashboard/dashboard.service.ts
FN:7,(anonymous_2)
FN:9,(anonymous_3)
FN:86,(anonymous_4)
FN:117,(anonymous_5)
FN:124,(anonymous_6)
FN:131,(anonymous_7)
FN:136,(anonymous_8)
FN:166,(anonymous_9)
FN:187,(anonymous_10)
FN:223,(anonymous_11)
FN:227,(anonymous_12)
FN:238,(anonymous_13)
FN:252,(anonymous_14)
FN:257,(anonymous_15)
FN:268,(anonymous_16)
FN:275,(anonymous_17)
FN:286,(anonymous_18)
FNF:17
FNH:0
FNDA:0,(anonymous_2)
FNDA:0,(anonymous_3)
FNDA:0,(anonymous_4)
FNDA:0,(anonymous_5)
FNDA:0,(anonymous_6)
FNDA:0,(anonymous_7)
FNDA:0,(anonymous_8)
FNDA:0,(anonymous_9)
FNDA:0,(anonymous_10)
FNDA:0,(anonymous_11)
FNDA:0,(anonymous_12)
FNDA:0,(anonymous_13)
FNDA:0,(anonymous_14)
FNDA:0,(anonymous_15)
FNDA:0,(anonymous_16)
FNDA:0,(anonymous_17)
FNDA:0,(anonymous_18)
DA:1,0
DA:2,0
DA:3,0
DA:6,0
DA:7,0
DA:11,0
DA:12,0
DA:15,0
DA:22,0
DA:23,0
DA:25,0
DA:33,0
DA:42,0
DA:52,0
DA:63,0
DA:66,0
DA:69,0
DA:71,0
DA:88,0
DA:102,0
DA:116,0
DA:117,0
DA:124,0
DA:131,0
DA:133,0
DA:138,0
DA:145,0
DA:146,0
DA:150,0
DA:153,0
DA:163,0
DA:164,0
DA:166,0
DA:167,0
DA:168,0
DA:169,0
DA:173,0
DA:174,0
DA:175,0
DA:180,0
DA:186,0
DA:187,0
DA:188,0
DA:189,0
DA:193,0
DA:194,0
DA:197,0
DA:201,0
DA:205,0
DA:224,0
DA:227,0
DA:228,0
DA:238,0
DA:239,0
DA:247,0
DA:248,0
DA:249,0
DA:252,0
DA:253,0
DA:258,0
DA:268,0
DA:276,0
DA:286,0
LF:63
LH:0
BRDA:75,0,0,0
BRDA:75,0,1,0
BRDA:150,1,0,0
BRDA:150,1,1,0
BRDA:167,2,0,0
BRDA:167,3,0,0
BRDA:167,3,1,0
BRDA:188,4,0,0
BRDA:188,5,0,0
BRDA:188,5,1,0
BRDA:193,6,0,0
BRDA:193,6,1,0
BRDA:194,7,0,0
BRDA:194,7,1,0
BRDA:206,8,0,0
BRDA:206,8,1,0
BRDA:231,9,0,0
BRDA:231,9,1,0
BRDA:239,10,0,0
BRDA:239,10,1,0
BRDA:248,11,0,0
BRDA:248,11,1,0
BRDA:271,12,0,0
BRDA:271,12,1,0
BRDA:289,13,0,0
BRDA:289,13,1,0
BRF:26
BRH:0
end_of_record
TN:
SF:src/modules/dashboard/representative-dashboard.controller.ts
FN:9,(anonymous_4)
FN:16,(anonymous_5)
FN:25,(anonymous_6)
FNF:3
FNH:0
FNDA:0,(anonymous_4)
FNDA:0,(anonymous_5)
FNDA:0,(anonymous_6)
DA:1,0
DA:2,0
DA:3,0
DA:4,0
DA:8,0
DA:9,0
DA:16,0
DA:17,0
DA:25,0
DA:26,0
LF:10
LH:0
BRF:0
BRH:0
end_of_record
TN:
SF:src/modules/dashboard/representative-dashboard.service.ts
FN:7,(anonymous_2)
FN:9,(anonymous_3)
FN:82,(anonymous_4)
FN:84,(anonymous_5)
FN:87,(anonymous_6)
FN:92,(anonymous_7)
FN:104,(anonymous_8)
FN:121,(anonymous_9)
FN:123,(anonymous_10)
FN:124,(anonymous_11)
FN:125,(anonymous_12)
FN:126,(anonymous_13)
FN:133,(anonymous_14)
FN:140,(anonymous_15)
FN:147,(anonymous_16)
FN:154,(anonymous_17)
FN:161,(anonymous_18)
FN:164,(anonymous_19)
FN:186,(anonymous_20)
FN:194,(anonymous_21)
FN:216,(anonymous_22)
FN:231,(anonymous_23)
FN:232,(anonymous_24)
FN:238,(anonymous_25)
FNF:24
FNH:0
FNDA:0,(anonymous_2)
FNDA:0,(anonymous_3)
FNDA:0,(anonymous_4)
FNDA:0,(anonymous_5)
FNDA:0,(anonymous_6)
FNDA:0,(anonymous_7)
FNDA:0,(anonymous_8)
FNDA:0,(anonymous_9)
FNDA:0,(anonymous_10)
FNDA:0,(anonymous_11)
FNDA:0,(anonymous_12)
FNDA:0,(anonymous_13)
FNDA:0,(anonymous_14)
FNDA:0,(anonymous_15)
FNDA:0,(anonymous_16)
FNDA:0,(anonymous_17)
FNDA:0,(anonymous_18)
FNDA:0,(anonymous_19)
FNDA:0,(anonymous_20)
FNDA:0,(anonymous_21)
FNDA:0,(anonymous_22)
FNDA:0,(anonymous_23)
FNDA:0,(anonymous_24)
FNDA:0,(anonymous_25)
DA:1,0
DA:2,0
DA:3,0
DA:6,0
DA:7,0
DA:11,0
DA:46,0
DA:47,0
DA:51,0
DA:54,0
DA:57,0
DA:60,0
DA:62,0
DA:83,0
DA:84,0
DA:87,0
DA:88,0
DA:91,0
DA:92,0
DA:93,0
DA:97,0
DA:100,0
DA:103,0
DA:104,0
DA:105,0
DA:106,0
DA:107,0
DA:108,0
DA:111,0
DA:122,0
DA:123,0
DA:124,0
DA:125,0
DA:126,0
DA:129,0
DA:133,0
DA:140,0
DA:147,0
DA:154,0
DA:162,0
DA:164,0
DA:165,0
DA:166,0
DA:174,0
DA:175,0
DA:177,0
DA:178,0
DA:180,0
DA:183,0
DA:186,0
DA:195,0
DA:196,0
DA:198,0
DA:215,0
DA:216,0
DA:217,0
DA:218,0
DA:224,0
DA:225,0
DA:227,0
DA:230,0
DA:231,0
DA:232,0
DA:241,0
LF:64
LH:0
BRDA:46,0,0,0
BRDA:88,1,0,0
BRDA:88,1,1,0
BRDA:100,2,0,0
BRDA:100,2,1,0
BRDA:166,3,0,0
BRDA:166,3,1,0
BRDA:177,4,0,0
BRDA:177,4,1,0
BRDA:177,5,0,0
BRDA:177,5,1,0
BRDA:218,6,0,0
BRDA:218,6,1,0
BRDA:225,7,0,0
BRDA:225,7,1,0
BRF:15
BRH:0
end_of_record
TN:
SF:src/modules/generators/generators.controller.ts
FN:29,(anonymous_4)
FN:35,(anonymous_5)
FN:42,(anonymous_6)
FN:49,(anonymous_7)
FN:57,(anonymous_8)
FN:70,(anonymous_9)
FN:78,(anonymous_10)
FN:86,(anonymous_11)
FN:95,(anonymous_12)
FNF:9
FNH:0
FNDA:0,(anonymous_4)
FNDA:0,(anonymous_5)
FNDA:0,(anonymous_6)
FNDA:0,(anonymous_7)
FNDA:0,(anonymous_8)
FNDA:0,(anonymous_9)
FNDA:0,(anonymous_10)
FNDA:0,(anonymous_11)
FNDA:0,(anonymous_12)
DA:1,0
DA:12,0
DA:19,0
DA:20,0
DA:21,0
DA:22,0
DA:28,0
DA:29,0
DA:35,0
DA:36,0
DA:42,0
DA:43,0
DA:49,0
DA:50,0
DA:57,0
DA:58,0
DA:70,0
DA:71,0
DA:78,0
DA:79,0
DA:86,0
DA:87,0
DA:95,0
DA:96,0
LF:24
LH:0
BRF:0
BRH:0
end_of_record
TN:
SF:src/modules/generators/generators.module.ts
FNF:0
FNH:0
DA:1,0
DA:2,0
DA:3,0
DA:4,0
DA:11,0
LF:5
LH:0
BRF:0
BRH:0
end_of_record
TN:
SF:src/modules/generators/generators.service.ts
FN:13,(anonymous_2)
FN:15,(anonymous_3)
FN:31,(anonymous_4)
FN:48,(anonymous_5)
FN:51,(anonymous_6)
FN:66,(anonymous_7)
FN:81,(anonymous_8)
FN:99,(anonymous_9)
FN:113,(anonymous_10)
FN:116,(anonymous_11)
FN:130,(anonymous_12)
FN:133,(anonymous_13)
FN:182,(anonymous_14)
FN:204,(anonymous_15)
FN:216,(anonymous_16)
FNF:15
FNH:0
FNDA:0,(anonymous_2)
FNDA:0,(anonymous_3)
FNDA:0,(anonymous_4)
FNDA:0,(anonymous_5)
FNDA:0,(anonymous_6)
FNDA:0,(anonymous_7)
FNDA:0,(anonymous_8)
FNDA:0,(anonymous_9)
FNDA:0,(anonymous_10)
FNDA:0,(anonymous_11)
FNDA:0,(anonymous_12)
FNDA:0,(anonymous_13)
FNDA:0,(anonymous_14)
FNDA:0,(anonymous_15)
FNDA:0,(anonymous_16)
DA:1,0
DA:6,0
DA:9,0
DA:12,0
DA:13,0
DA:16,0
DA:18,0
DA:28,0
DA:32,0
DA:48,0
DA:52,0
DA:59,0
DA:60,0
DA:63,0
DA:68,0
DA:70,0
DA:78,0
DA:83,0
DA:86,0
DA:87,0
DA:92,0
DA:96,0
DA:100,0
DA:113,0
DA:117,0
DA:130,0
DA:134,0
DA:136,0
DA:140,0
DA:144,0
DA:150,0
DA:160,0
DA:171,0
DA:181,0
DA:182,0
DA:183,0
DA:184,0
DA:188,0
DA:189,0
DA:191,0
DA:205,0
DA:206,0
DA:215,0
DA:216,0
DA:220,0
DA:221,0
DA:223,0
LF:47
LH:0
BRDA:59,0,0,0
BRDA:86,1,0,0
BRDA:86,2,0,0
BRDA:86,2,1,0
BRDA:183,3,0,0
BRDA:183,4,0,0
BRDA:183,4,1,0
BRDA:188,5,0,0
BRDA:188,5,1,0
BRDA:189,6,0,0
BRDA:189,6,1,0
BRDA:205,7,0,0
BRDA:205,8,0,0
BRDA:205,8,1,0
BRDA:216,9,0,0
BRDA:216,9,1,0
BRF:16
BRH:0
end_of_record
TN:
SF:src/modules/generators/dto/create-generator.dto.ts
FNF:0
FNH:0
DA:1,0
DA:2,0
DA:10,0
DA:12,0
DA:19,0
DA:27,0
DA:35,0
DA:43,0
DA:51,0
DA:59,0
DA:67,0
DA:75,0
DA:85,0
DA:94,0
LF:14
LH:0
BRF:0
BRH:0
end_of_record
TN:
SF:src/modules/generators/dto/update-generator.dto.ts
FNF:0
FNH:0
DA:1,0
DA:2,0
DA:4,0
LF:3
LH:0
BRF:0
BRH:0
end_of_record
TN:
SF:src/modules/representatives/representatives.controller.ts
FN:22,(anonymous_4)
FN:27,(anonymous_5)
FN:33,(anonymous_6)
FN:39,(anonymous_7)
FN:45,(anonymous_8)
FN:55,(anonymous_9)
FN:62,(anonymous_10)
FN:69,(anonymous_11)
FN:76,(anonymous_12)
FNF:9
FNH:0
FNDA:0,(anonymous_4)
FNDA:0,(anonymous_5)
FNDA:0,(anonymous_6)
FNDA:0,(anonymous_7)
FNDA:0,(anonymous_8)
FNDA:0,(anonymous_9)
FNDA:0,(anonymous_10)
FNDA:0,(anonymous_11)
FNDA:0,(anonymous_12)
DA:1,0
DA:14,0
DA:15,0
DA:16,0
DA:17,0
DA:18,0
DA:21,0
DA:22,0
DA:27,0
DA:28,0
DA:33,0
DA:34,0
DA:39,0
DA:40,0
DA:45,0
DA:49,0
DA:55,0
DA:56,0
DA:62,0
DA:63,0
DA:69,0
DA:70,0
DA:76,0
DA:80,0
LF:24
LH:0
BRF:0
BRH:0
end_of_record
TN:
SF:src/modules/representatives/representatives.module.ts
FNF:0
FNH:0
DA:1,0
DA:2,0
DA:3,0
DA:4,0
DA:5,0
DA:13,0
LF:6
LH:0
BRF:0
BRH:0
end_of_record
TN:
SF:src/modules/representatives/representatives.service.ts
FN:10,(anonymous_2)
FN:12,(anonymous_3)
FN:61,(anonymous_4)
FN:91,(anonymous_5)
FN:136,(anonymous_6)
FN:142,(anonymous_7)
FN:206,(anonymous_8)
FN:232,(anonymous_9)
FN:244,(anonymous_10)
FN:265,(anonymous_11)
FN:273,(anonymous_12)
FN:283,(anonymous_13)
FN:284,(anonymous_14)
FN:285,(anonymous_15)
FN:286,(anonymous_16)
FNF:15
FNH:0
FNDA:0,(anonymous_2)
FNDA:0,(anonymous_3)
FNDA:0,(anonymous_4)
FNDA:0,(anonymous_5)
FNDA:0,(anonymous_6)
FNDA:0,(anonymous_7)
FNDA:0,(anonymous_8)
FNDA:0,(anonymous_9)
FNDA:0,(anonymous_10)
FNDA:0,(anonymous_11)
FNDA:0,(anonymous_12)
FNDA:0,(anonymous_13)
FNDA:0,(anonymous_14)
FNDA:0,(anonymous_15)
FNDA:0,(anonymous_16)
DA:1,0
DA:2,0
DA:6,0
DA:9,0
DA:10,0
DA:14,0
DA:18,0
DA:19,0
DA:22,0
DA:26,0
DA:27,0
DA:31,0
DA:33,0
DA:62,0
DA:92,0
DA:129,0
DA:130,0
DA:133,0
DA:137,0
DA:144,0
DA:148,0
DA:149,0
DA:153,0
DA:154,0
DA:158,0
DA:159,0
DA:164,0
DA:165,0
DA:169,0
DA:170,0
DA:175,0
DA:176,0
DA:177,0
DA:180,0
DA:208,0
DA:212,0
DA:213,0
DA:217,0
DA:221,0
DA:222,0
DA:227,0
DA:233,0
DA:245,0
DA:259,0
DA:260,0
DA:263,0
DA:264,0
DA:265,0
DA:270,0
DA:271,0
DA:273,0
DA:274,0
DA:275,0
DA:277,0
DA:282,0
DA:283,0
DA:284,0
DA:285,0
DA:286,0
DA:289,0
LF:60
LH:0
BRDA:18,0,0,0
BRDA:26,1,0,0
BRDA:37,2,0,0
BRDA:37,2,1,0
BRDA:38,3,0,0
BRDA:38,3,1,0
BRDA:39,4,0,0
BRDA:39,4,1,0
BRDA:129,5,0,0
BRDA:148,6,0,0
BRDA:153,7,0,0
BRDA:153,8,0,0
BRDA:153,8,1,0
BRDA:158,9,0,0
BRDA:164,10,0,0
BRDA:164,11,0,0
BRDA:164,11,1,0
BRDA:169,12,0,0
BRDA:176,13,0,0
BRDA:212,14,0,0
BRDA:221,15,0,0
BRDA:259,16,0,0
BRDA:274,17,0,0
BRDA:274,17,1,0
BRDA:274,18,0,0
BRDA:274,18,1,0
BRDA:303,19,0,0
BRDA:303,19,1,0
BRF:28
BRH:0
end_of_record
TN:
SF:src/modules/representatives/dto/create-representative.dto.ts
FNF:0
FNH:0
DA:1,0
DA:2,0
DA:4,0
DA:6,0
DA:9,0
DA:13,0
DA:16,0
DA:19,0
DA:22,0
DA:25,0
DA:29,0
DA:34,0
DA:38,0
DA:42,0
LF:14
LH:0
BRF:0
BRH:0
end_of_record
TN:
SF:src/modules/representatives/dto/update-representative.dto.ts
FNF:0
FNH:0
DA:1,0
DA:2,0
DA:4,0
LF:3
LH:0
BRF:0
BRH:0
end_of_record
TN:
SF:src/modules/users/users.controller.ts
FN:27,(anonymous_4)
FN:33,(anonymous_5)
FN:40,(anonymous_6)
FN:48,(anonymous_7)
FN:56,(anonymous_8)
FN:64,(anonymous_9)
FNF:6
FNH:0
FNDA:0,(anonymous_4)
FNDA:0,(anonymous_5)
FNDA:0,(anonymous_6)
FNDA:0,(anonymous_7)
FNDA:0,(anonymous_8)
FNDA:0,(anonymous_9)
DA:1,0
DA:11,0
DA:17,0
DA:18,0
DA:19,0
DA:20,0
DA:26,0
DA:27,0
DA:33,0
DA:34,0
DA:40,0
DA:41,0
DA:48,0
DA:49,0
DA:56,0
DA:57,0
DA:64,0
DA:65,0
LF:18
LH:0
BRF:0
BRH:0
end_of_record
TN:
SF:src/modules/users/users.module.ts
FNF:0
FNH:0
DA:1,0
DA:2,0
DA:3,0
DA:4,0
DA:11,0
LF:5
LH:0
BRF:0
BRH:0
end_of_record
TN:
SF:src/modules/users/users.service.ts
FN:9,(anonymous_2)
FN:11,(anonymous_3)
FN:39,(anonymous_4)
FN:54,(anonymous_5)
FN:74,(anonymous_6)
FN:101,(anonymous_7)
FNF:6
FNH:0
FNDA:0,(anonymous_2)
FNDA:0,(anonymous_3)
FNDA:0,(anonymous_4)
FNDA:0,(anonymous_5)
FNDA:0,(anonymous_6)
FNDA:0,(anonymous_7)
DA:1,0
DA:2,0
DA:3,0
DA:8,0
DA:9,0
DA:12,0
DA:15,0
DA:19,0
DA:20,0
DA:24,0
DA:26,0
DA:35,0
DA:36,0
DA:40,0
DA:51,0
DA:55,0
DA:67,0
DA:68,0
DA:71,0
DA:75,0
DA:78,0
DA:81,0
DA:82,0
DA:85,0
DA:98,0
DA:103,0
DA:105,0
DA:109,0
LF:28
LH:0
BRDA:19,0,0,0
BRDA:67,1,0,0
BRDA:81,2,0,0
BRF:3
BRH:0
end_of_record
TN:
SF:src/modules/users/dto/create-user.dto.ts
FNF:0
FNH:0
DA:1,0
DA:2,0
DA:3,0
DA:5,0
DA:12,0
DA:20,0
DA:29,0
DA:39,0
LF:8
LH:0
BRF:0
BRH:0
end_of_record
TN:
SF:src/modules/users/dto/update-user.dto.ts
FNF:0
FNH:0
DA:1,0
DA:2,0
DA:4,0
LF:3
LH:0
BRF:0
BRH:0
end_of_record
TN:
SF:src/scripts/link-consumers-to-representatives.ts
FN:5,linkConsumersToRepresentatives
FN:38,(anonymous_1)
FN:64,(anonymous_2)
FNF:3
FNH:0
FNDA:0,linkConsumersToRepresentatives
FNDA:0,(anonymous_1)
FNDA:0,(anonymous_2)
DA:1,0
DA:3,0
DA:6,0
DA:7,0
DA:10,0
DA:14,0
DA:15,0
DA:16,0
DA:19,0
DA:22,0
DA:29,0
DA:30,0
DA:31,0
DA:34,0
DA:37,0
DA:39,0
DA:46,0
DA:49,0
DA:63,0
DA:64,0
DA:65,0
DA:68,0
DA:71,0
DA:73,0
DA:77,0
LF:25
LH:0
BRDA:14,0,0,0
BRDA:29,1,0,0
BRF:2
BRH:0
end_of_record
TN:
SF:src/scripts/seed-representatives.ts
FN:6,main
FN:80,(anonymous_1)
FN:84,(anonymous_2)
FNF:3
FNH:0
FNDA:0,main
FNDA:0,(anonymous_1)
FNDA:0,(anonymous_2)
DA:1,0
DA:2,0
DA:4,0
DA:7,0
DA:10,0
DA:52,0
DA:54,0
DA:58,0
DA:60,0
DA:63,0
DA:70,0
DA:72,0
DA:76,0
DA:79,0
DA:81,0
DA:82,0
DA:85,0
LF:17
LH:0
BRDA:58,0,0,0
BRDA:58,0,1,0
BRF:2
BRH:0
end_of_record
TN:
SF:src/scripts/seed.ts
FN:6,main
FN:40,(anonymous_1)
FN:44,(anonymous_2)
FNF:3
FNH:0
FNDA:0,main
FNDA:0,(anonymous_1)
FNDA:0,(anonymous_2)
DA:1,0
DA:2,0
DA:4,0
DA:7,0
DA:10,0
DA:11,0
DA:14,0
DA:18,0
DA:19,0
DA:22,0
DA:24,0
DA:33,0
DA:36,0
DA:39,0
DA:41,0
DA:42,0
DA:45,0
LF:17
LH:0
BRDA:18,0,0,0
BRDA:18,0,1,0
BRF:2
BRH:0
end_of_record
TN:
SF:src/scripts/setup-super-admin.ts
FN:6,setupSuperAdmin
FNF:1
FNH:0
FNDA:0,setupSuperAdmin
DA:1,0
DA:2,0
DA:4,0
DA:7,0
DA:8,0
DA:11,0
DA:15,0
DA:16,0
DA:17,0
DA:21,0
DA:23,0
DA:43,0
DA:44,0
DA:45,0
DA:46,0
DA:48,0
DA:51,0
DA:52,0
DA:54,0
DA:58,0
LF:20
LH:0
BRDA:15,0,0,0
BRF:1
BRH:0
end_of_record
TN:
SF:src/test/auth.e2e-spec.ts
FN:6,(anonymous_0)
FN:10,(anonymous_1)
FN:19,(anonymous_2)
FN:23,(anonymous_3)
FN:24,(anonymous_4)
FN:32,(anonymous_5)
FN:40,(anonymous_6)
FN:50,(anonymous_7)
FN:61,(anonymous_8)
FN:62,(anonymous_9)
FN:67,(anonymous_10)
FN:73,(anonymous_11)
FN:79,(anonymous_12)
FN:87,(anonymous_13)
FN:88,(anonymous_14)
FN:93,(anonymous_15)
FN:98,(anonymous_16)
FNF:17
FNH:0
FNDA:0,(anonymous_0)
FNDA:0,(anonymous_1)
FNDA:0,(anonymous_2)
FNDA:0,(anonymous_3)
FNDA:0,(anonymous_4)
FNDA:0,(anonymous_5)
FNDA:0,(anonymous_6)
FNDA:0,(anonymous_7)
FNDA:0,(anonymous_8)
FNDA:0,(anonymous_9)
FNDA:0,(anonymous_10)
FNDA:0,(anonymous_11)
FNDA:0,(anonymous_12)
FNDA:0,(anonymous_13)
FNDA:0,(anonymous_14)
FNDA:0,(anonymous_15)
FNDA:0,(anonymous_16)
DA:1,0
DA:3,0
DA:4,0
DA:6,0
DA:10,0
DA:11,0
DA:15,0
DA:16,0
DA:19,0
DA:20,0
DA:23,0
DA:24,0
DA:25,0
DA:33,0
DA:34,0
DA:35,0
DA:36,0
DA:40,0
DA:41,0
DA:50,0
DA:51,0
DA:61,0
DA:62,0
DA:63,0
DA:68,0
DA:69,0
DA:73,0
DA:74,0
DA:79,0
DA:80,0
DA:87,0
DA:88,0
DA:89,0
DA:94,0
DA:98,0
DA:99,0
LF:36
LH:0
BRF:0
BRH:0
end_of_record
TN:
SF:src/test/representatives.e2e-spec.ts
FN:6,(anonymous_0)
FN:11,(anonymous_1)
FN:30,(anonymous_2)
FN:34,(anonymous_3)
FN:35,(anonymous_4)
FN:52,(anonymous_5)
FN:60,(anonymous_6)
FN:77,(anonymous_7)
FN:78,(anonymous_8)
FN:83,(anonymous_9)
FN:90,(anonymous_10)
FN:91,(anonymous_11)
FN:96,(anonymous_12)
FN:102,(anonymous_13)
FN:110,(anonymous_14)
FN:111,(anonymous_15)
FN:120,(anonymous_16)
FN:127,(anonymous_17)
FN:128,(anonymous_18)
FNF:19
FNH:0
FNDA:0,(anonymous_0)
FNDA:0,(anonymous_1)
FNDA:0,(anonymous_2)
FNDA:0,(anonymous_3)
FNDA:0,(anonymous_4)
FNDA:0,(anonymous_5)
FNDA:0,(anonymous_6)
FNDA:0,(anonymous_7)
FNDA:0,(anonymous_8)
FNDA:0,(anonymous_9)
FNDA:0,(anonymous_10)
FNDA:0,(anonymous_11)
FNDA:0,(anonymous_12)
FNDA:0,(anonymous_13)
FNDA:0,(anonymous_14)
FNDA:0,(anonymous_15)
FNDA:0,(anonymous_16)
FNDA:0,(anonymous_17)
FNDA:0,(anonymous_18)
DA:1,0
DA:3,0
DA:4,0
DA:6,0
DA:11,0
DA:12,0
DA:16,0
DA:17,0
DA:20,0
DA:27,0
DA:30,0
DA:31,0
DA:34,0
DA:35,0
DA:36,0
DA:53,0
DA:54,0
DA:55,0
DA:56,0
DA:60,0
DA:61,0
DA:77,0
DA:78,0
DA:79,0
DA:84,0
DA:85,0
DA:90,0
DA:91,0
DA:92,0
DA:97,0
DA:98,0
DA:102,0
DA:103,0
DA:110,0
DA:111,0
DA:112,0
DA:121,0
DA:122,0
DA:127,0
DA:128,0
DA:129,0
LF:41
LH:0
BRF:0
BRH:0
end_of_record
